#
# A fatal error has been detected by the Java Runtime Environment:
#
#  SIGSEGV (0xb) at pc=0x000000010b2b583a, pid=44387, tid=0x000000000000a903
#
# JRE version: Java(TM) SE Runtime Environment (8.0_181-b13) (build 1.8.0_181-b13)
# Java VM: Java HotSpot(TM) 64-Bit Server VM (25.181-b13 mixed mode bsd-amd64 compressed oops)
# Problematic frame:
# V  [libjvm.dylib+0x2b583a]  IndexSet::IndexSet(IndexSet*)+0xae
#
# Failed to write core dump. Core dumps have been disabled. To enable core dumping, try "ulimit -c unlimited" before starting Java again
#
# If you would like to submit a bug report, please visit:
#   http://bugreport.java.com/bugreport/crash.jsp
#

---------------  T H R E A D  ---------------

Current thread (0x00007fea19804000):  JavaThread "C2 CompilerThread1" daemon [_thread_in_native, id=43267, stack(0x000070000f48e000,0x000070000f58e000)]

siginfo: si_signo: 11 (SIGSEGV), si_code: 1 (SEGV_MAPERR), si_addr: 0x00007fea0e098678

Registers:
RAX=0x00007fea1e58c540, RBX=0x000000000000003f, RCX=0x00007fea1e58c520, RDX=0x0000000000000000
RSP=0x000070000f58a430, RBP=0x000070000f58a460, RSI=0x0000000123eb12b0, RDI=0x0000000000000109
R8 =0x000000000000003f, R9 =0x0000000000000001, R10=0x0000000000000000, R11=0x0000000000002c6e
R12=0x000000000000003e, R13=0x00007fea0e098660, R14=0x000070000f58a648, R15=0x000000010b8f03d0
RIP=0x000000010b2b583a, EFLAGS=0x0000000000010206, ERR=0x0000000000000004
  TRAPNO=0x000000000000000e

Top of Stack: (sp=0x000070000f58a430)
0x000070000f58a430:   0000000123eb12b0 00007fea1e850380
0x000070000f58a440:   000000012648d010 0000000126525150
0x000070000f58a450:   0000000000000002 000000012648d010
0x000070000f58a460:   000070000f58a710 000000010b2b12fa
0x000070000f58a470:   0000000000007fe8 00000000000007f4
0x000070000f58a480:   00007fea1e8504e0 ffffffff0b0a5759
0x000070000f58a490:   0000000000000000 0000000000000000
0x000070000f58a4a0:   0000000100000003 00007fea1e84fdc0
0x000070000f58a4b0:   0000000100000000 9d000000fffffffe
0x000070000f58a4c0:   00000001264d70f0 00000001264d70f8
0x000070000f58a4d0:   00000001264d7100 00000001264d7108
0x000070000f58a4e0:   00007fea1e850380 000000012648d120
0x000070000f58a4f0:   0000000000000000 00000000c0000000
0x000070000f58a500:   000000012648d128 0000000000000000
0x000070000f58a510:   000000012648d130 0000000000000002
0x000070000f58a520:   0000000100000000 0000000000000000
0x000070000f58a530:   000070000f58b4e0 3e9124e800000000
0x000070000f58a540:   0000000000000000 0000000000000000
0x000070000f58a550:   ffffffff3f3fffff ffffffffffffffff
0x000070000f58a560:   00000003ffffffff 0000000000000000
0x000070000f58a570:   0000000000000000 0000000500000000
0x000070000f58a580:   0000000000000008 00007fea1e58a760
0x000070000f58a590:   00007fea00000040 00007fea1e58baf0
0x000070000f58a5a0:   00007fea00000040 000070000f58a648
0x000070000f58a5b0:   0303030300000000 0303030303030303
0x000070000f58a5c0:   0000000003030303 0000000000000000
0x000070000f58a5d0:   0000000000000000 0000000005155455
0x000070000f58a5e0:   0000000000000000 0000000000000000
0x000070000f58a5f0:   0000000000000000 0000000000000000
0x000070000f58a600:   00003ede00000000 0000000100000008
0x000070000f58a610:   00007fea1e58c640 0000000000000040
0x000070000f58a620:   00007fea1e58cbb0 0000000100000040 

Instructions: (pc=0x000000010b2b583a)
0x000000010b2b581a:   8b 2c e0 41 8d 5c 24 01 4d 39 fd 75 0b 4d 8b 6e
0x000000010b2b582a:   08 4f 89 7c e5 00 eb 2f 4c 89 f7 e8 e4 fe ff ff
0x000000010b2b583a:   49 8b 4d 18 48 89 48 18 49 8b 4d 10 48 89 48 10
0x000000010b2b584a:   49 8b 4d 00 49 8b 55 08 48 89 50 08 48 89 08 49 

Register to memory mapping:

RAX=0x00007fea1e58c540 is an unknown value
RBX=0x000000000000003f is an unknown value
RCX=0x00007fea1e58c520 is an unknown value
RDX=0x0000000000000000 is an unknown value
RSP=0x000070000f58a430 is pointing into the stack for thread: 0x00007fea19804000
RBP=0x000070000f58a460 is pointing into the stack for thread: 0x00007fea19804000
RSI=0x0000000123eb12b0 is an unknown value
RDI=0x0000000000000109 is an unknown value
R8 =0x000000000000003f is an unknown value
R9 =0x0000000000000001 is an unknown value
R10=0x0000000000000000 is an unknown value
R11=0x0000000000002c6e is an unknown value
R12=0x000000000000003e is an unknown value
R13=0x00007fea0e098660 is an unknown value
R14=0x000070000f58a648 is pointing into the stack for thread: 0x00007fea19804000
R15=0x000000010b8f03d0: _ZN8IndexSet12_empty_blockE+0 in /Library/Java/JavaVirtualMachines/jdk1.8.0_181.jdk/Contents/Home/jre/lib/server/libjvm.dylib at 0x000000010b000000


Stack: [0x000070000f48e000,0x000070000f58e000],  sp=0x000070000f58a430,  free space=1009k
Native frames: (J=compiled Java code, j=interpreted, Vv=VM code, C=native code)
V  [libjvm.dylib+0x2b583a]  IndexSet::IndexSet(IndexSet*)+0xae
V  [libjvm.dylib+0x2b12fa]  PhaseChaitin::build_ifg_physical(ResourceArea*)+0x90
V  [libjvm.dylib+0x161cc4]  PhaseChaitin::Register_Allocate()+0x42c
V  [libjvm.dylib+0x1b09ec]  Compile::Code_Gen()+0x14e
V  [libjvm.dylib+0x1b4be9]  Compile::Compile(ciEnv*, C2Compiler*, ciMethod*, int, bool, bool, bool)+0x98d
V  [libjvm.dylib+0x1510ce]  C2Compiler::compile_method(ciEnv*, ciMethod*, int)+0xb2
V  [libjvm.dylib+0x1b8286]  CompileBroker::invoke_compiler_on_method(CompileTask*)+0x5b2
V  [libjvm.dylib+0x1ba7cd]  CompileBroker::compiler_thread_loop()+0x291
V  [libjvm.dylib+0x56fa7f]  JavaThread::thread_main_inner()+0x9b
V  [libjvm.dylib+0x57117a]  JavaThread::run()+0x1c2
V  [libjvm.dylib+0x48e342]  java_start(Thread*)+0xf6
C  [libsystem_pthread.dylib+0x3661]  _pthread_body+0x154
C  [libsystem_pthread.dylib+0x350d]  _pthread_body+0x0
C  [libsystem_pthread.dylib+0x2bf9]  thread_start+0xd
C  0x0000000000000000


Current CompileTask:
C2:67902080 21975       4       org.eclipse.jdt.internal.codeassist.CompletionEngine::findLocalMethods (2517 bytes)


---------------  P R O C E S S  ---------------

Java Threads: ( => current thread )
  0x00007fea1b46a800 JavaThread "pool-598-thread-1" [_thread_blocked, id=73475, stack(0x0000700011210000,0x0000700011310000)]
  0x00007fea1e876000 JavaThread "pool-597-thread-1" [_thread_blocked, id=86559, stack(0x0000700010f07000,0x0000700011007000)]
  0x00007fea1f72d000 JavaThread "pool-596-thread-1" [_thread_blocked, id=45163, stack(0x0000700010e04000,0x0000700010f04000)]
  0x00007fea1a32e800 JavaThread "ForkJoinPool.commonPool-worker-3" daemon [_thread_blocked, id=58007, stack(0x00007000105ec000,0x00007000106ec000)]
  0x00007fea1f125800 JavaThread "ForkJoinPool.commonPool-worker-2" daemon [_thread_blocked, id=60327, stack(0x000070000fed7000,0x000070000ffd7000)]
  0x00007fea19f44800 JavaThread "pool-595-thread-1" [_thread_blocked, id=77119, stack(0x0000700010d01000,0x0000700010e01000)]
  0x00007fea1b58e800 JavaThread "pool-594-thread-1" [_thread_blocked, id=74555, stack(0x0000700010bfe000,0x0000700010cfe000)]
  0x00007fea1e280800 JavaThread "pool-593-thread-1" [_thread_blocked, id=46507, stack(0x0000700010afb000,0x0000700010bfb000)]
  0x00007fea1f2b3800 JavaThread "pool-592-thread-1" [_thread_blocked, id=72383, stack(0x00007000109f8000,0x0000700010af8000)]
  0x00007fea1f735800 JavaThread "ForkJoinPool.commonPool-worker-0" daemon [_thread_blocked, id=69535, stack(0x00007000108f5000,0x00007000109f5000)]
  0x00007fea1e253800 JavaThread "pool-591-thread-1" [_thread_blocked, id=32315, stack(0x00007000106ef000,0x00007000107ef000)]
  0x00007fea1f268800 JavaThread "Worker-103" [_thread_blocked, id=76595, stack(0x000070001110d000,0x000070001120d000)]
  0x00007fea188c2000 JavaThread "Worker-102" [_thread_blocked, id=76131, stack(0x000070001100a000,0x000070001110a000)]
  0x00007fea1988c000 JavaThread "Worker-101" [_thread_blocked, id=75535, stack(0x00007000102e3000,0x00007000103e3000)]
  0x00007fea1f6c3800 JavaThread "Worker-100" [_thread_blocked, id=84895, stack(0x00007000101e0000,0x00007000102e0000)]
  0x00007fea1936b000 JavaThread "Worker-99" [_thread_blocked, id=69767, stack(0x000070000ffda000,0x00007000100da000)]
  0x00007fea18e3f000 JavaThread "Worker-98" [_thread_blocked, id=58467, stack(0x000070000fcd1000,0x000070000fdd1000)]
  0x00007fea19383800 JavaThread "Worker-94" [_thread_blocked, id=77463, stack(0x00007000107f2000,0x00007000108f2000)]
  0x00007fea19595000 JavaThread "Bundle File Closer" daemon [_thread_blocked, id=17939, stack(0x00007000104e9000,0x00007000105e9000)]
  0x00007fea199e3000 JavaThread "pool-1-thread-1" [_thread_in_native, id=45571, stack(0x00007000103e6000,0x00007000104e6000)]
  0x00007fea1a345800 JavaThread "pool-2-thread-1" [_thread_blocked, id=44547, stack(0x00007000100dd000,0x00007000101dd000)]
  0x00007fea1a351000 JavaThread "Java indexing" daemon [_thread_blocked, id=32515, stack(0x000070000fdd4000,0x000070000fed4000)]
  0x00007fea18acb000 JavaThread "Worker-JM" [_thread_blocked, id=33035, stack(0x000070000fbce000,0x000070000fcce000)]
  0x00007fea1a2dc800 JavaThread "Start Level: Equinox Container: 4c016f43-f238-4266-bc50-1a52dfa7dcbd" daemon [_thread_blocked, id=23811, stack(0x000070000facb000,0x000070000fbcb000)]
  0x00007fea1a3c3000 JavaThread "Framework Event Dispatcher: Equinox Container: 4c016f43-f238-4266-bc50-1a52dfa7dcbd" daemon [_thread_blocked, id=41731, stack(0x000070000f9c8000,0x000070000fac8000)]
  0x00007fea18d2e000 JavaThread "Active Thread: Equinox Container: 4c016f43-f238-4266-bc50-1a52dfa7dcbd" [_thread_blocked, id=41987, stack(0x000070000f8c5000,0x000070000f9c5000)]
  0x00007fea19865000 JavaThread "Service Thread" daemon [_thread_blocked, id=42755, stack(0x000070000f694000,0x000070000f794000)]
  0x00007fea19019000 JavaThread "C1 CompilerThread2" daemon [_thread_blocked, id=43011, stack(0x000070000f591000,0x000070000f691000)]
=>0x00007fea19804000 JavaThread "C2 CompilerThread1" daemon [_thread_in_native, id=43267, stack(0x000070000f48e000,0x000070000f58e000)]
  0x00007fea1a03b800 JavaThread "C2 CompilerThread0" daemon [_thread_blocked, id=16131, stack(0x000070000f38b000,0x000070000f48b000)]
  0x00007fea18817000 JavaThread "Signal Dispatcher" daemon [_thread_blocked, id=16387, stack(0x000070000f288000,0x000070000f388000)]
  0x00007fea19864800 JavaThread "Surrogate Locker Thread (Concurrent GC)" daemon [_thread_blocked, id=16655, stack(0x000070000f185000,0x000070000f285000)]
  0x00007fea18814800 JavaThread "Finalizer" daemon [_thread_blocked, id=18179, stack(0x000070000f082000,0x000070000f182000)]
  0x00007fea19851800 JavaThread "Reference Handler" daemon [_thread_blocked, id=13315, stack(0x000070000ef7f000,0x000070000f07f000)]
  0x00007fea18801000 JavaThread "main" [_thread_blocked, id=9987, stack(0x000070000e155000,0x000070000e255000)]

Other Threads:
  0x00007fea18814000 VMThread [stack: 0x000070000ee7c000,0x000070000ef7c000] [id=18691]
  0x00007fea1a024800 WatcherThread [stack: 0x000070000f797000,0x000070000f897000] [id=42243]

VM state:not at safepoint (normal execution)

VM Mutex/Monitor currently owned by a thread: None

Heap:
 garbage-first heap   total 262144K, used 139276K [0x0000000780000000, 0x0000000780100800, 0x00000007c0000000)
  region size 1024K, 37 young (37888K), 7 survivors (7168K)
 Metaspace       used 63216K, capacity 66148K, committed 66380K, reserved 1107968K
  class space    used 5976K, capacity 6873K, committed 6988K, reserved 1048576K

Heap Regions: (Y=young(eden), SU=young(survivor), HS=humongous(starts), HC=humongous(continues), CS=collection set, F=free, TS=gc time stamp, PTAMS=previous top-at-mark-start, NTAMS=next top-at-mark-start)
AC   0  O    TS     0 PTAMS 0x0000000780100000 NTAMS 0x0000000780100000 space 1024K, 100% used [0x0000000780000000, 0x0000000780100000)
AC   0  O    TS     0 PTAMS 0x0000000780200000 NTAMS 0x0000000780200000 space 1024K, 100% used [0x0000000780100000, 0x0000000780200000)
AC   0  O    TS     0 PTAMS 0x0000000780300000 NTAMS 0x0000000780300000 space 1024K, 100% used [0x0000000780200000, 0x0000000780300000)
AC   0  O    TS     0 PTAMS 0x0000000780400000 NTAMS 0x0000000780400000 space 1024K, 100% used [0x0000000780300000, 0x0000000780400000)
AC   0  O    TS     5 PTAMS 0x0000000780400000 NTAMS 0x0000000780400000 space 1024K, 100% used [0x0000000780400000, 0x0000000780500000)
AC   0  O    TS     0 PTAMS 0x0000000780600000 NTAMS 0x0000000780600000 space 1024K, 100% used [0x0000000780500000, 0x0000000780600000)
AC   0  O    TS    59 PTAMS 0x0000000780600000 NTAMS 0x0000000780600000 space 1024K, 100% used [0x0000000780600000, 0x0000000780700000)
AC   0  O    TS    71 PTAMS 0x0000000780700000 NTAMS 0x0000000780700000 space 1024K, 100% used [0x0000000780700000, 0x0000000780800000)
AC   0  O    TS     5 PTAMS 0x0000000780800000 NTAMS 0x0000000780800000 space 1024K, 100% used [0x0000000780800000, 0x0000000780900000)
AC   0  O    TS     5 PTAMS 0x0000000780900000 NTAMS 0x0000000780900000 space 1024K, 100% used [0x0000000780900000, 0x0000000780a00000)
AC   0  O    TS     5 PTAMS 0x0000000780a00000 NTAMS 0x0000000780a00000 space 1024K, 100% used [0x0000000780a00000, 0x0000000780b00000)
AC   0  O    TS     0 PTAMS 0x0000000780c00000 NTAMS 0x0000000780c00000 space 1024K, 100% used [0x0000000780b00000, 0x0000000780c00000)
AC   0  O    TS     5 PTAMS 0x0000000780c00000 NTAMS 0x0000000780c00000 space 1024K, 100% used [0x0000000780c00000, 0x0000000780d00000)
AC   0  O    TS     0 PTAMS 0x0000000780e00000 NTAMS 0x0000000780e00000 space 1024K, 100% used [0x0000000780d00000, 0x0000000780e00000)
AC   0  O    TS     0 PTAMS 0x0000000780f00000 NTAMS 0x0000000780f00000 space 1024K, 100% used [0x0000000780e00000, 0x0000000780f00000)
AC   0  O    TS     0 PTAMS 0x0000000781000000 NTAMS 0x0000000781000000 space 1024K, 100% used [0x0000000780f00000, 0x0000000781000000)
AC   0  O    TS     0 PTAMS 0x0000000781100000 NTAMS 0x0000000781100000 space 1024K, 100% used [0x0000000781000000, 0x0000000781100000)
AC   0  O    TS     0 PTAMS 0x0000000781200000 NTAMS 0x0000000781200000 space 1024K, 100% used [0x0000000781100000, 0x0000000781200000)
AC   0  O    TS     0 PTAMS 0x0000000781300000 NTAMS 0x0000000781300000 space 1024K, 100% used [0x0000000781200000, 0x0000000781300000)
AC   0  O    TS     0 PTAMS 0x0000000781400000 NTAMS 0x0000000781400000 space 1024K, 100% used [0x0000000781300000, 0x0000000781400000)
AC   0  O    TS     0 PTAMS 0x0000000781500000 NTAMS 0x0000000781500000 space 1024K, 100% used [0x0000000781400000, 0x0000000781500000)
AC   0  O    TS     0 PTAMS 0x0000000781600000 NTAMS 0x0000000781600000 space 1024K, 100% used [0x0000000781500000, 0x0000000781600000)
AC   0  O    TS     0 PTAMS 0x0000000781700000 NTAMS 0x0000000781700000 space 1024K, 100% used [0x0000000781600000, 0x0000000781700000)
AC   0  O    TS    89 PTAMS 0x0000000781700000 NTAMS 0x0000000781700000 space 1024K, 100% used [0x0000000781700000, 0x0000000781800000)
AC   0  O    TS     0 PTAMS 0x0000000781900000 NTAMS 0x0000000781900000 space 1024K, 100% used [0x0000000781800000, 0x0000000781900000)
AC   0 HS    TS     0 PTAMS 0x0000000781980010 NTAMS 0x0000000781980010 space 1024K,  50% used [0x0000000781900000, 0x0000000781a00000)
AC   0  O    TS     0 PTAMS 0x0000000781b00000 NTAMS 0x0000000781b00000 space 1024K, 100% used [0x0000000781a00000, 0x0000000781b00000)
AC   0  O    TS     0 PTAMS 0x0000000781c00000 NTAMS 0x0000000781c00000 space 1024K, 100% used [0x0000000781b00000, 0x0000000781c00000)
AC   0  O    TS     0 PTAMS 0x0000000781d00000 NTAMS 0x0000000781d00000 space 1024K, 100% used [0x0000000781c00000, 0x0000000781d00000)
AC   0  O    TS     0 PTAMS 0x0000000781e00000 NTAMS 0x0000000781e00000 space 1024K, 100% used [0x0000000781d00000, 0x0000000781e00000)
AC   0  O    TS     0 PTAMS 0x0000000781f00000 NTAMS 0x0000000781f00000 space 1024K, 100% used [0x0000000781e00000, 0x0000000781f00000)
AC   0  O    TS     0 PTAMS 0x0000000782000000 NTAMS 0x0000000782000000 space 1024K, 100% used [0x0000000781f00000, 0x0000000782000000)
AC   0  O    TS     0 PTAMS 0x0000000782100000 NTAMS 0x0000000782100000 space 1024K, 100% used [0x0000000782000000, 0x0000000782100000)
AC   0  O    TS     0 PTAMS 0x0000000782200000 NTAMS 0x0000000782200000 space 1024K, 100% used [0x0000000782100000, 0x0000000782200000)
AC   0  O    TS     0 PTAMS 0x0000000782300000 NTAMS 0x0000000782300000 space 1024K, 100% used [0x0000000782200000, 0x0000000782300000)
AC   0  O    TS   111 PTAMS 0x0000000782300000 NTAMS 0x0000000782300000 space 1024K, 100% used [0x0000000782300000, 0x0000000782400000)
AC   0  O    TS   111 PTAMS 0x0000000782400000 NTAMS 0x0000000782400000 space 1024K, 100% used [0x0000000782400000, 0x0000000782500000)
AC   0  O    TS     0 PTAMS 0x0000000782600000 NTAMS 0x0000000782600000 space 1024K, 100% used [0x0000000782500000, 0x0000000782600000)
AC   0  O    TS     0 PTAMS 0x0000000782700000 NTAMS 0x0000000782700000 space 1024K, 100% used [0x0000000782600000, 0x0000000782700000)
AC   0  O    TS     0 PTAMS 0x0000000782800000 NTAMS 0x0000000782800000 space 1024K, 100% used [0x0000000782700000, 0x0000000782800000)
AC   0  O    TS     0 PTAMS 0x0000000782900000 NTAMS 0x0000000782900000 space 1024K, 100% used [0x0000000782800000, 0x0000000782900000)
AC   0  O    TS   111 PTAMS 0x0000000782900000 NTAMS 0x0000000782900000 space 1024K, 100% used [0x0000000782900000, 0x0000000782a00000)
AC   0  O    TS   111 PTAMS 0x0000000782a00000 NTAMS 0x0000000782a00000 space 1024K, 100% used [0x0000000782a00000, 0x0000000782b00000)
AC   0  O    TS     0 PTAMS 0x0000000782c00000 NTAMS 0x0000000782c00000 space 1024K, 100% used [0x0000000782b00000, 0x0000000782c00000)
AC   0  O    TS     0 PTAMS 0x0000000782d00000 NTAMS 0x0000000782d00000 space 1024K, 100% used [0x0000000782c00000, 0x0000000782d00000)
AC   0  O    TS     0 PTAMS 0x0000000782e00000 NTAMS 0x0000000782e00000 space 1024K, 100% used [0x0000000782d00000, 0x0000000782e00000)
AC   0  O    TS     0 PTAMS 0x0000000782f00000 NTAMS 0x0000000782f00000 space 1024K, 100% used [0x0000000782e00000, 0x0000000782f00000)
AC   0  O    TS    53 PTAMS 0x0000000782f00000 NTAMS 0x0000000782f00000 space 1024K, 100% used [0x0000000782f00000, 0x0000000783000000)
AC   0  O    TS   111 PTAMS 0x0000000783000000 NTAMS 0x0000000783000000 space 1024K, 100% used [0x0000000783000000, 0x0000000783100000)
AC   0  O    TS   111 PTAMS 0x0000000783100000 NTAMS 0x0000000783100000 space 1024K, 100% used [0x0000000783100000, 0x0000000783200000)
AC   0  O    TS   111 PTAMS 0x0000000783200000 NTAMS 0x0000000783200000 space 1024K, 100% used [0x0000000783200000, 0x0000000783300000)
AC   0  O    TS     0 PTAMS 0x0000000783400000 NTAMS 0x0000000783400000 space 1024K, 100% used [0x0000000783300000, 0x0000000783400000)
AC   0  O    TS   111 PTAMS 0x0000000783400000 NTAMS 0x0000000783400000 space 1024K, 100% used [0x0000000783400000, 0x0000000783500000)
AC   0  O    TS   111 PTAMS 0x0000000783500000 NTAMS 0x0000000783500000 space 1024K, 100% used [0x0000000783500000, 0x0000000783600000)
AC   0  O    TS   111 PTAMS 0x0000000783600000 NTAMS 0x0000000783600000 space 1024K, 100% used [0x0000000783600000, 0x0000000783700000)
AC   0  O    TS   111 PTAMS 0x0000000783700000 NTAMS 0x0000000783700000 space 1024K, 100% used [0x0000000783700000, 0x0000000783800000)
AC   0  O    TS     0 PTAMS 0x0000000783900000 NTAMS 0x0000000783900000 space 1024K, 100% used [0x0000000783800000, 0x0000000783900000)
AC   0  O    TS   111 PTAMS 0x0000000783900000 NTAMS 0x0000000783900000 space 1024K, 100% used [0x0000000783900000, 0x0000000783a00000)
AC   0  O    TS     0 PTAMS 0x0000000783b00000 NTAMS 0x0000000783b00000 space 1024K, 100% used [0x0000000783a00000, 0x0000000783b00000)
AC   0  O    TS   111 PTAMS 0x0000000783b00000 NTAMS 0x0000000783b00000 space 1024K, 100% used [0x0000000783b00000, 0x0000000783c00000)
AC   0  O    TS   111 PTAMS 0x0000000783c00000 NTAMS 0x0000000783c00000 space 1024K, 100% used [0x0000000783c00000, 0x0000000783d00000)
AC   0  O    TS     5 PTAMS 0x0000000783d00000 NTAMS 0x0000000783d00000 space 1024K, 100% used [0x0000000783d00000, 0x0000000783e00000)
AC   0  O    TS   111 PTAMS 0x0000000783e00000 NTAMS 0x0000000783e00000 space 1024K, 100% used [0x0000000783e00000, 0x0000000783f00000)
AC   0  O    TS   121 PTAMS 0x0000000783f00000 NTAMS 0x0000000783f00000 space 1024K, 100% used [0x0000000783f00000, 0x0000000784000000)
AC   0  O    TS     0 PTAMS 0x0000000784100000 NTAMS 0x0000000784100000 space 1024K, 100% used [0x0000000784000000, 0x0000000784100000)
AC   0  O    TS   121 PTAMS 0x0000000784100000 NTAMS 0x0000000784100000 space 1024K, 100% used [0x0000000784100000, 0x0000000784200000)
AC   0  O    TS   121 PTAMS 0x0000000784200000 NTAMS 0x0000000784200000 space 1024K, 100% used [0x0000000784200000, 0x0000000784300000)
AC   0  O    TS   121 PTAMS 0x0000000784300000 NTAMS 0x0000000784300000 space 1024K, 100% used [0x0000000784300000, 0x0000000784400000)
AC   0  O    TS   121 PTAMS 0x0000000784400000 NTAMS 0x0000000784400000 space 1024K, 100% used [0x0000000784400000, 0x0000000784500000)
AC   0  O    TS   121 PTAMS 0x0000000784500000 NTAMS 0x0000000784500000 space 1024K, 100% used [0x0000000784500000, 0x0000000784600000)
AC   0  O    TS     0 PTAMS 0x0000000784700000 NTAMS 0x0000000784700000 space 1024K, 100% used [0x0000000784600000, 0x0000000784700000)
AC   0  O    TS   121 PTAMS 0x0000000784700000 NTAMS 0x0000000784700000 space 1024K, 100% used [0x0000000784700000, 0x0000000784800000)
AC   0  O    TS   167 PTAMS 0x0000000784800000 NTAMS 0x0000000784800000 space 1024K, 100% used [0x0000000784800000, 0x0000000784900000)
AC   0  O    TS   183 PTAMS 0x0000000784900000 NTAMS 0x0000000784900000 space 1024K, 100% used [0x0000000784900000, 0x0000000784a00000)
AC   0  O    TS   183 PTAMS 0x0000000784a00000 NTAMS 0x0000000784a00000 space 1024K, 100% used [0x0000000784a00000, 0x0000000784b00000)
AC   0  O    TS   183 PTAMS 0x0000000784b00000 NTAMS 0x0000000784b00000 space 1024K, 100% used [0x0000000784b00000, 0x0000000784c00000)
AC   0  O    TS   183 PTAMS 0x0000000784c00000 NTAMS 0x0000000784c00000 space 1024K, 100% used [0x0000000784c00000, 0x0000000784d00000)
AC   0  O    TS   187 PTAMS 0x0000000784d00000 NTAMS 0x0000000784d00000 space 1024K, 100% used [0x0000000784d00000, 0x0000000784e00000)
AC   0  O    TS   191 PTAMS 0x0000000784e00000 NTAMS 0x0000000784e00000 space 1024K, 100% used [0x0000000784e00000, 0x0000000784f00000)
AC   0  O    TS   191 PTAMS 0x0000000784f00000 NTAMS 0x0000000784f00000 space 1024K, 100% used [0x0000000784f00000, 0x0000000785000000)
AC   0  O    TS   191 PTAMS 0x0000000785000000 NTAMS 0x0000000785000000 space 1024K, 100% used [0x0000000785000000, 0x0000000785100000)
AC   0  O    TS   191 PTAMS 0x0000000785100000 NTAMS 0x0000000785100000 space 1024K, 100% used [0x0000000785100000, 0x0000000785200000)
AC   0  O    TS   191 PTAMS 0x0000000785200000 NTAMS 0x0000000785200000 space 1024K, 100% used [0x0000000785200000, 0x0000000785300000)
AC   0  O    TS   191 PTAMS 0x0000000785300000 NTAMS 0x0000000785300000 space 1024K, 100% used [0x0000000785300000, 0x0000000785400000)
AC   0  O    TS   191 PTAMS 0x0000000785400000 NTAMS 0x0000000785400000 space 1024K, 100% used [0x0000000785400000, 0x0000000785500000)
AC   0  O    TS   199 PTAMS 0x0000000785500000 NTAMS 0x0000000785500000 space 1024K, 100% used [0x0000000785500000, 0x0000000785600000)
AC   0  O    TS   199 PTAMS 0x0000000785600000 NTAMS 0x0000000785600000 space 1024K, 100% used [0x0000000785600000, 0x0000000785700000)
AC   0 HS    TS     0 PTAMS 0x0000000785781b18 NTAMS 0x0000000785781b18 space 1024K,  50% used [0x0000000785700000, 0x0000000785800000)
AC   0  O    TS     0 PTAMS 0x0000000785900000 NTAMS 0x0000000785900000 space 1024K, 100% used [0x0000000785800000, 0x0000000785900000)
AC   0  O    TS     0 PTAMS 0x0000000785a00000 NTAMS 0x0000000785a00000 space 1024K, 100% used [0x0000000785900000, 0x0000000785a00000)
AC   0  O    TS     0 PTAMS 0x0000000785b00000 NTAMS 0x0000000785b00000 space 1024K, 100% used [0x0000000785a00000, 0x0000000785b00000)
AC   0  O    TS     0 PTAMS 0x0000000785c00000 NTAMS 0x0000000785c00000 space 1024K, 100% used [0x0000000785b00000, 0x0000000785c00000)
AC   0  O    TS   199 PTAMS 0x0000000785c00000 NTAMS 0x0000000785c00000 space 1024K, 100% used [0x0000000785c00000, 0x0000000785d00000)
AC   0  O    TS   199 PTAMS 0x0000000785d00000 NTAMS 0x0000000785d00000 space 1024K, 100% used [0x0000000785d00000, 0x0000000785e00000)
AC   0  O    TS   249 PTAMS 0x0000000785e00000 NTAMS 0x0000000785e00000 space 1024K, 100% used [0x0000000785e00000, 0x0000000785f00000)
AC   0  O    TS   285 PTAMS 0x0000000785f00000 NTAMS 0x0000000785f00000 space 1024K,  50% used [0x0000000785f00000, 0x0000000786000000)
AC   0  F    TS   119 PTAMS 0x0000000786000000 NTAMS 0x0000000786000000 space 1024K,   0% used [0x0000000786000000, 0x0000000786100000)
AC   0  F    TS   119 PTAMS 0x0000000786100000 NTAMS 0x0000000786100000 space 1024K,   0% used [0x0000000786100000, 0x0000000786200000)
AC   0  F    TS   119 PTAMS 0x0000000786200000 NTAMS 0x0000000786200000 space 1024K,   0% used [0x0000000786200000, 0x0000000786300000)
AC   0  F    TS   119 PTAMS 0x0000000786300000 NTAMS 0x0000000786300000 space 1024K,   0% used [0x0000000786300000, 0x0000000786400000)
AC   0  F    TS   171 PTAMS 0x0000000786400000 NTAMS 0x0000000786400000 space 1024K,   0% used [0x0000000786400000, 0x0000000786500000)
AC   0  F    TS   171 PTAMS 0x0000000786500000 NTAMS 0x0000000786500000 space 1024K,   0% used [0x0000000786500000, 0x0000000786600000)
AC   0  F    TS   171 PTAMS 0x0000000786600000 NTAMS 0x0000000786600000 space 1024K,   0% used [0x0000000786600000, 0x0000000786700000)
AC   0  O    TS     0 PTAMS 0x0000000786800000 NTAMS 0x0000000786800000 space 1024K, 100% used [0x0000000786700000, 0x0000000786800000)
AC   0  O    TS     0 PTAMS 0x0000000786900000 NTAMS 0x0000000786900000 space 1024K, 100% used [0x0000000786800000, 0x0000000786900000)
AC   0  O    TS     0 PTAMS 0x0000000786a00000 NTAMS 0x0000000786a00000 space 1024K, 100% used [0x0000000786900000, 0x0000000786a00000)
AC   0  O    TS     0 PTAMS 0x0000000786b00000 NTAMS 0x0000000786b00000 space 1024K, 100% used [0x0000000786a00000, 0x0000000786b00000)
AC   0  O    TS     0 PTAMS 0x0000000786c00000 NTAMS 0x0000000786c00000 space 1024K, 100% used [0x0000000786b00000, 0x0000000786c00000)
AC   0  O    TS     3 PTAMS 0x0000000786c7f400 NTAMS 0x0000000786c7f400 space 1024K, 100% used [0x0000000786c00000, 0x0000000786d00000)
AC   0  F    TS   179 PTAMS 0x0000000786d00000 NTAMS 0x0000000786d00000 space 1024K,   0% used [0x0000000786d00000, 0x0000000786e00000)
AC   0  F    TS   185 PTAMS 0x0000000786e00000 NTAMS 0x0000000786e00000 space 1024K,   0% used [0x0000000786e00000, 0x0000000786f00000)
AC   0  F    TS   185 PTAMS 0x0000000786f00000 NTAMS 0x0000000786f00000 space 1024K,   0% used [0x0000000786f00000, 0x0000000787000000)
AC   0  F    TS   189 PTAMS 0x0000000787000000 NTAMS 0x0000000787000000 space 1024K,   0% used [0x0000000787000000, 0x0000000787100000)
AC   0  F    TS   189 PTAMS 0x0000000787100000 NTAMS 0x0000000787100000 space 1024K,   0% used [0x0000000787100000, 0x0000000787200000)
AC   0  F    TS   189 PTAMS 0x0000000787200000 NTAMS 0x0000000787200000 space 1024K,   0% used [0x0000000787200000, 0x0000000787300000)
AC   0  F    TS   189 PTAMS 0x0000000787300000 NTAMS 0x0000000787300000 space 1024K,   0% used [0x0000000787300000, 0x0000000787400000)
AC   0  F    TS   189 PTAMS 0x0000000787400000 NTAMS 0x0000000787400000 space 1024K,   0% used [0x0000000787400000, 0x0000000787500000)
AC   0  F    TS   189 PTAMS 0x0000000787500000 NTAMS 0x0000000787500000 space 1024K,   0% used [0x0000000787500000, 0x0000000787600000)
AC   0  F    TS   189 PTAMS 0x0000000787600000 NTAMS 0x0000000787600000 space 1024K,   0% used [0x0000000787600000, 0x0000000787700000)
AC   0  F    TS   189 PTAMS 0x0000000787700000 NTAMS 0x0000000787700000 space 1024K,   0% used [0x0000000787700000, 0x0000000787800000)
AC   0  F    TS   189 PTAMS 0x0000000787800000 NTAMS 0x0000000787800000 space 1024K,   0% used [0x0000000787800000, 0x0000000787900000)
AC   0  F    TS   193 PTAMS 0x0000000787900000 NTAMS 0x0000000787900000 space 1024K,   0% used [0x0000000787900000, 0x0000000787a00000)
AC   0  F    TS   223 PTAMS 0x0000000787a00000 NTAMS 0x0000000787a00000 space 1024K,   0% used [0x0000000787a00000, 0x0000000787b00000)
AC   0  F    TS   231 PTAMS 0x0000000787b00000 NTAMS 0x0000000787b00000 space 1024K,   0% used [0x0000000787b00000, 0x0000000787c00000)
AC   0  F    TS   245 PTAMS 0x0000000787c00000 NTAMS 0x0000000787c00000 space 1024K,   0% used [0x0000000787c00000, 0x0000000787d00000)
AC   0  S CS TS   285 PTAMS 0x0000000787d00000 NTAMS 0x0000000787d00000 space 1024K,  49% used [0x0000000787d00000, 0x0000000787e00000)
AC   0  S CS TS   285 PTAMS 0x0000000787e00000 NTAMS 0x0000000787e00000 space 1024K, 100% used [0x0000000787e00000, 0x0000000787f00000)
AC   0  S CS TS   285 PTAMS 0x0000000787f00000 NTAMS 0x0000000787f00000 space 1024K, 100% used [0x0000000787f00000, 0x0000000788000000)
AC   0  S CS TS   285 PTAMS 0x0000000788000000 NTAMS 0x0000000788000000 space 1024K, 100% used [0x0000000788000000, 0x0000000788100000)
AC   0  S CS TS   285 PTAMS 0x0000000788100000 NTAMS 0x0000000788100000 space 1024K, 100% used [0x0000000788100000, 0x0000000788200000)
AC   0  S CS TS   285 PTAMS 0x0000000788200000 NTAMS 0x0000000788200000 space 1024K, 100% used [0x0000000788200000, 0x0000000788300000)
AC   0  S CS TS   285 PTAMS 0x0000000788300000 NTAMS 0x0000000788300000 space 1024K, 100% used [0x0000000788300000, 0x0000000788400000)
AC   0  F    TS   283 PTAMS 0x0000000788400000 NTAMS 0x0000000788400000 space 1024K,   0% used [0x0000000788400000, 0x0000000788500000)
AC   0  F    TS   281 PTAMS 0x0000000788500000 NTAMS 0x0000000788500000 space 1024K,   0% used [0x0000000788500000, 0x0000000788600000)
AC   0  F    TS   281 PTAMS 0x0000000788600000 NTAMS 0x0000000788600000 space 1024K,   0% used [0x0000000788600000, 0x0000000788700000)
AC   0  F    TS   283 PTAMS 0x0000000788700000 NTAMS 0x0000000788700000 space 1024K,   0% used [0x0000000788700000, 0x0000000788800000)
AC   0  F    TS   281 PTAMS 0x0000000788800000 NTAMS 0x0000000788800000 space 1024K,   0% used [0x0000000788800000, 0x0000000788900000)
AC   0  F    TS   281 PTAMS 0x0000000788900000 NTAMS 0x0000000788900000 space 1024K,   0% used [0x0000000788900000, 0x0000000788a00000)
AC   0  F    TS   281 PTAMS 0x0000000788a00000 NTAMS 0x0000000788a00000 space 1024K,   0% used [0x0000000788a00000, 0x0000000788b00000)
AC   0  F    TS   281 PTAMS 0x0000000788b00000 NTAMS 0x0000000788b00000 space 1024K,   0% used [0x0000000788b00000, 0x0000000788c00000)
AC   0  F    TS   283 PTAMS 0x0000000788c00000 NTAMS 0x0000000788c00000 space 1024K,   0% used [0x0000000788c00000, 0x0000000788d00000)
AC   0  F    TS   283 PTAMS 0x0000000788d00000 NTAMS 0x0000000788d00000 space 1024K,   0% used [0x0000000788d00000, 0x0000000788e00000)
AC   0  F    TS   233 PTAMS 0x0000000788e00000 NTAMS 0x0000000788e00000 space 1024K,   0% used [0x0000000788e00000, 0x0000000788f00000)
AC   0  F    TS   199 PTAMS 0x0000000788f00000 NTAMS 0x0000000788f00000 space 1024K,   0% used [0x0000000788f00000, 0x0000000789000000)
AC   0  F    TS   199 PTAMS 0x0000000789000000 NTAMS 0x0000000789000000 space 1024K,   0% used [0x0000000789000000, 0x0000000789100000)
AC   0  F    TS     0 PTAMS 0x0000000789100000 NTAMS 0x0000000789100000 space 1024K,   0% used [0x0000000789100000, 0x0000000789200000)
AC   0  F    TS     0 PTAMS 0x0000000789200000 NTAMS 0x0000000789200000 space 1024K,   0% used [0x0000000789200000, 0x0000000789300000)
AC   0  F    TS     0 PTAMS 0x0000000789300000 NTAMS 0x0000000789300000 space 1024K,   0% used [0x0000000789300000, 0x0000000789400000)
AC   0  F    TS     0 PTAMS 0x0000000789400000 NTAMS 0x0000000789400000 space 1024K,   0% used [0x0000000789400000, 0x0000000789500000)
AC   0  F    TS     0 PTAMS 0x0000000789500000 NTAMS 0x0000000789500000 space 1024K,   0% used [0x0000000789500000, 0x0000000789600000)
AC   0  F    TS     0 PTAMS 0x0000000789600000 NTAMS 0x0000000789600000 space 1024K,   0% used [0x0000000789600000, 0x0000000789700000)
AC   0  F    TS     0 PTAMS 0x0000000789700000 NTAMS 0x0000000789700000 space 1024K,   0% used [0x0000000789700000, 0x0000000789800000)
AC   0  F    TS     0 PTAMS 0x0000000789800000 NTAMS 0x0000000789800000 space 1024K,   0% used [0x0000000789800000, 0x0000000789900000)
AC   0  F    TS     0 PTAMS 0x0000000789900000 NTAMS 0x0000000789900000 space 1024K,   0% used [0x0000000789900000, 0x0000000789a00000)
AC   0  F    TS     0 PTAMS 0x0000000789a00000 NTAMS 0x0000000789a00000 space 1024K,   0% used [0x0000000789a00000, 0x0000000789b00000)
AC   0  F    TS     0 PTAMS 0x0000000789b00000 NTAMS 0x0000000789b00000 space 1024K,   0% used [0x0000000789b00000, 0x0000000789c00000)
AC   0  F    TS     0 PTAMS 0x0000000789c00000 NTAMS 0x0000000789c00000 space 1024K,   0% used [0x0000000789c00000, 0x0000000789d00000)
AC   0  F    TS     0 PTAMS 0x0000000789d00000 NTAMS 0x0000000789d00000 space 1024K,   0% used [0x0000000789d00000, 0x0000000789e00000)
AC   0  F    TS     0 PTAMS 0x0000000789e00000 NTAMS 0x0000000789e00000 space 1024K,   0% used [0x0000000789e00000, 0x0000000789f00000)
AC   0  F    TS     0 PTAMS 0x0000000789f00000 NTAMS 0x0000000789f00000 space 1024K,   0% used [0x0000000789f00000, 0x000000078a000000)
AC   0  F    TS     0 PTAMS 0x000000078a000000 NTAMS 0x000000078a000000 space 1024K,   0% used [0x000000078a000000, 0x000000078a100000)
AC   0  F    TS     0 PTAMS 0x000000078a100000 NTAMS 0x000000078a100000 space 1024K,   0% used [0x000000078a100000, 0x000000078a200000)
AC   0  F    TS     0 PTAMS 0x000000078a200000 NTAMS 0x000000078a200000 space 1024K,   0% used [0x000000078a200000, 0x000000078a300000)
AC   0  F    TS     0 PTAMS 0x000000078a300000 NTAMS 0x000000078a300000 space 1024K,   0% used [0x000000078a300000, 0x000000078a400000)
AC   0  F    TS     0 PTAMS 0x000000078a400000 NTAMS 0x000000078a400000 space 1024K,   0% used [0x000000078a400000, 0x000000078a500000)
AC   0  F    TS     0 PTAMS 0x000000078a500000 NTAMS 0x000000078a500000 space 1024K,   0% used [0x000000078a500000, 0x000000078a600000)
AC   0  F    TS     0 PTAMS 0x000000078a600000 NTAMS 0x000000078a600000 space 1024K,   0% used [0x000000078a600000, 0x000000078a700000)
AC   0  F    TS     0 PTAMS 0x000000078a700000 NTAMS 0x000000078a700000 space 1024K,   0% used [0x000000078a700000, 0x000000078a800000)
AC   0  F    TS     0 PTAMS 0x000000078a800000 NTAMS 0x000000078a800000 space 1024K,   0% used [0x000000078a800000, 0x000000078a900000)
AC   0  F    TS     0 PTAMS 0x000000078a900000 NTAMS 0x000000078a900000 space 1024K,   0% used [0x000000078a900000, 0x000000078aa00000)
AC   0  F    TS     0 PTAMS 0x000000078aa00000 NTAMS 0x000000078aa00000 space 1024K,   0% used [0x000000078aa00000, 0x000000078ab00000)
AC   0  F    TS     0 PTAMS 0x000000078ab00000 NTAMS 0x000000078ab00000 space 1024K,   0% used [0x000000078ab00000, 0x000000078ac00000)
AC   0  F    TS     0 PTAMS 0x000000078ac00000 NTAMS 0x000000078ac00000 space 1024K,   0% used [0x000000078ac00000, 0x000000078ad00000)
AC   0  F    TS     0 PTAMS 0x000000078ad00000 NTAMS 0x000000078ad00000 space 1024K,   0% used [0x000000078ad00000, 0x000000078ae00000)
AC   0  F    TS     0 PTAMS 0x000000078ae00000 NTAMS 0x000000078ae00000 space 1024K,   0% used [0x000000078ae00000, 0x000000078af00000)
AC   0  F    TS     0 PTAMS 0x000000078af00000 NTAMS 0x000000078af00000 space 1024K,   0% used [0x000000078af00000, 0x000000078b000000)
AC   0  F    TS     0 PTAMS 0x000000078b000000 NTAMS 0x000000078b000000 space 1024K,   0% used [0x000000078b000000, 0x000000078b100000)
AC   0  F    TS     0 PTAMS 0x000000078b100000 NTAMS 0x000000078b100000 space 1024K,   0% used [0x000000078b100000, 0x000000078b200000)
AC   0  F    TS     0 PTAMS 0x000000078b200000 NTAMS 0x000000078b200000 space 1024K,   0% used [0x000000078b200000, 0x000000078b300000)
AC   0  F    TS     0 PTAMS 0x000000078b300000 NTAMS 0x000000078b300000 space 1024K,   0% used [0x000000078b300000, 0x000000078b400000)
AC   0  F    TS     0 PTAMS 0x000000078b400000 NTAMS 0x000000078b400000 space 1024K,   0% used [0x000000078b400000, 0x000000078b500000)
AC   0  F    TS     0 PTAMS 0x000000078b500000 NTAMS 0x000000078b500000 space 1024K,   0% used [0x000000078b500000, 0x000000078b600000)
AC   0  F    TS     0 PTAMS 0x000000078b600000 NTAMS 0x000000078b600000 space 1024K,   0% used [0x000000078b600000, 0x000000078b700000)
AC   0  F    TS     0 PTAMS 0x000000078b700000 NTAMS 0x000000078b700000 space 1024K,   0% used [0x000000078b700000, 0x000000078b800000)
AC   0  F    TS     0 PTAMS 0x000000078b800000 NTAMS 0x000000078b800000 space 1024K,   0% used [0x000000078b800000, 0x000000078b900000)
AC   0  F    TS     0 PTAMS 0x000000078b900000 NTAMS 0x000000078b900000 space 1024K,   0% used [0x000000078b900000, 0x000000078ba00000)
AC   0  F    TS     0 PTAMS 0x000000078ba00000 NTAMS 0x000000078ba00000 space 1024K,   0% used [0x000000078ba00000, 0x000000078bb00000)
AC   0  F    TS     0 PTAMS 0x000000078bb00000 NTAMS 0x000000078bb00000 space 1024K,   0% used [0x000000078bb00000, 0x000000078bc00000)
AC   0  F    TS     0 PTAMS 0x000000078bc00000 NTAMS 0x000000078bc00000 space 1024K,   0% used [0x000000078bc00000, 0x000000078bd00000)
AC   0  F    TS     0 PTAMS 0x000000078bd00000 NTAMS 0x000000078bd00000 space 1024K,   0% used [0x000000078bd00000, 0x000000078be00000)
AC   0  F    TS     0 PTAMS 0x000000078be00000 NTAMS 0x000000078be00000 space 1024K,   0% used [0x000000078be00000, 0x000000078bf00000)
AC   0  F    TS     0 PTAMS 0x000000078bf00000 NTAMS 0x000000078bf00000 space 1024K,   0% used [0x000000078bf00000, 0x000000078c000000)
AC   0  F    TS     0 PTAMS 0x000000078c000000 NTAMS 0x000000078c000000 space 1024K,   0% used [0x000000078c000000, 0x000000078c100000)
AC   0  F    TS     0 PTAMS 0x000000078c100000 NTAMS 0x000000078c100000 space 1024K,   0% used [0x000000078c100000, 0x000000078c200000)
AC   0  F    TS     0 PTAMS 0x000000078c200000 NTAMS 0x000000078c200000 space 1024K,   0% used [0x000000078c200000, 0x000000078c300000)
AC   0  F    TS     0 PTAMS 0x000000078c300000 NTAMS 0x000000078c300000 space 1024K,   0% used [0x000000078c300000, 0x000000078c400000)
AC   0  F    TS     0 PTAMS 0x000000078c400000 NTAMS 0x000000078c400000 space 1024K,   0% used [0x000000078c400000, 0x000000078c500000)
AC   0  F    TS     0 PTAMS 0x000000078c500000 NTAMS 0x000000078c500000 space 1024K,   0% used [0x000000078c500000, 0x000000078c600000)
AC   0  F    TS     0 PTAMS 0x000000078c600000 NTAMS 0x000000078c600000 space 1024K,   0% used [0x000000078c600000, 0x000000078c700000)
AC   0  F    TS     0 PTAMS 0x000000078c700000 NTAMS 0x000000078c700000 space 1024K,   0% used [0x000000078c700000, 0x000000078c800000)
AC   0  F    TS     0 PTAMS 0x000000078c800000 NTAMS 0x000000078c800000 space 1024K,   0% used [0x000000078c800000, 0x000000078c900000)
AC   0  F    TS     0 PTAMS 0x000000078c900000 NTAMS 0x000000078c900000 space 1024K,   0% used [0x000000078c900000, 0x000000078ca00000)
AC   0  F    TS     0 PTAMS 0x000000078ca00000 NTAMS 0x000000078ca00000 space 1024K,   0% used [0x000000078ca00000, 0x000000078cb00000)
AC   0  F    TS     0 PTAMS 0x000000078cb00000 NTAMS 0x000000078cb00000 space 1024K,   0% used [0x000000078cb00000, 0x000000078cc00000)
AC   0  F    TS     0 PTAMS 0x000000078cc00000 NTAMS 0x000000078cc00000 space 1024K,   0% used [0x000000078cc00000, 0x000000078cd00000)
AC   0  F    TS     0 PTAMS 0x000000078cd00000 NTAMS 0x000000078cd00000 space 1024K,   0% used [0x000000078cd00000, 0x000000078ce00000)
AC   0  F    TS     0 PTAMS 0x000000078ce00000 NTAMS 0x000000078ce00000 space 1024K,   0% used [0x000000078ce00000, 0x000000078cf00000)
AC   0  F    TS     0 PTAMS 0x000000078cf00000 NTAMS 0x000000078cf00000 space 1024K,   0% used [0x000000078cf00000, 0x000000078d000000)
AC   0  F    TS     0 PTAMS 0x000000078d000000 NTAMS 0x000000078d000000 space 1024K,   0% used [0x000000078d000000, 0x000000078d100000)
AC   0  F    TS     0 PTAMS 0x000000078d100000 NTAMS 0x000000078d100000 space 1024K,   0% used [0x000000078d100000, 0x000000078d200000)
AC   0  F    TS     0 PTAMS 0x000000078d200000 NTAMS 0x000000078d200000 space 1024K,   0% used [0x000000078d200000, 0x000000078d300000)
AC   0  F    TS     0 PTAMS 0x000000078d300000 NTAMS 0x000000078d300000 space 1024K,   0% used [0x000000078d300000, 0x000000078d400000)
AC   0  F    TS     0 PTAMS 0x000000078d400000 NTAMS 0x000000078d400000 space 1024K,   0% used [0x000000078d400000, 0x000000078d500000)
AC   0  F    TS     0 PTAMS 0x000000078d500000 NTAMS 0x000000078d500000 space 1024K,   0% used [0x000000078d500000, 0x000000078d600000)
AC   0  F    TS     0 PTAMS 0x000000078d600000 NTAMS 0x000000078d600000 space 1024K,   0% used [0x000000078d600000, 0x000000078d700000)
AC   0  F    TS     0 PTAMS 0x000000078d700000 NTAMS 0x000000078d700000 space 1024K,   0% used [0x000000078d700000, 0x000000078d800000)
AC   0  F    TS     0 PTAMS 0x000000078d800000 NTAMS 0x000000078d800000 space 1024K,   0% used [0x000000078d800000, 0x000000078d900000)
AC   0  F    TS     0 PTAMS 0x000000078d900000 NTAMS 0x000000078d900000 space 1024K,   0% used [0x000000078d900000, 0x000000078da00000)
AC   0  F    TS     0 PTAMS 0x000000078da00000 NTAMS 0x000000078da00000 space 1024K,   0% used [0x000000078da00000, 0x000000078db00000)
AC   0  F    TS     0 PTAMS 0x000000078db00000 NTAMS 0x000000078db00000 space 1024K,   0% used [0x000000078db00000, 0x000000078dc00000)
AC   0  F    TS     0 PTAMS 0x000000078dc00000 NTAMS 0x000000078dc00000 space 1024K,   0% used [0x000000078dc00000, 0x000000078dd00000)
AC   0  F    TS     0 PTAMS 0x000000078dd00000 NTAMS 0x000000078dd00000 space 1024K,   0% used [0x000000078dd00000, 0x000000078de00000)
AC   0  F    TS     0 PTAMS 0x000000078de00000 NTAMS 0x000000078de00000 space 1024K,   0% used [0x000000078de00000, 0x000000078df00000)
AC   0  F    TS     0 PTAMS 0x000000078df00000 NTAMS 0x000000078df00000 space 1024K,   0% used [0x000000078df00000, 0x000000078e000000)
AC   0  F    TS     0 PTAMS 0x000000078e000000 NTAMS 0x000000078e000000 space 1024K,   0% used [0x000000078e000000, 0x000000078e100000)
AC   0  F    TS     0 PTAMS 0x000000078e100000 NTAMS 0x000000078e100000 space 1024K,   0% used [0x000000078e100000, 0x000000078e200000)
AC   0  E    TS     0 PTAMS 0x000000078e200000 NTAMS 0x000000078e200000 space 1024K, 100% used [0x000000078e200000, 0x000000078e300000)
AC   0  E CS TS     0 PTAMS 0x000000078e300000 NTAMS 0x000000078e300000 space 1024K, 100% used [0x000000078e300000, 0x000000078e400000)
AC   0  E CS TS     0 PTAMS 0x000000078e400000 NTAMS 0x000000078e400000 space 1024K, 100% used [0x000000078e400000, 0x000000078e500000)
AC   0  E CS TS     0 PTAMS 0x000000078e500000 NTAMS 0x000000078e500000 space 1024K, 100% used [0x000000078e500000, 0x000000078e600000)
AC   0  E CS TS     0 PTAMS 0x000000078e600000 NTAMS 0x000000078e600000 space 1024K, 100% used [0x000000078e600000, 0x000000078e700000)
AC   0  E CS TS     0 PTAMS 0x000000078e700000 NTAMS 0x000000078e700000 space 1024K, 100% used [0x000000078e700000, 0x000000078e800000)
AC   0  E CS TS     0 PTAMS 0x000000078e800000 NTAMS 0x000000078e800000 space 1024K, 100% used [0x000000078e800000, 0x000000078e900000)
AC   0  E CS TS     0 PTAMS 0x000000078e900000 NTAMS 0x000000078e900000 space 1024K, 100% used [0x000000078e900000, 0x000000078ea00000)
AC   0  E CS TS     0 PTAMS 0x000000078ea00000 NTAMS 0x000000078ea00000 space 1024K, 100% used [0x000000078ea00000, 0x000000078eb00000)
AC   0  E CS TS     0 PTAMS 0x000000078eb00000 NTAMS 0x000000078eb00000 space 1024K, 100% used [0x000000078eb00000, 0x000000078ec00000)
AC   0  E CS TS     0 PTAMS 0x000000078ec00000 NTAMS 0x000000078ec00000 space 1024K, 100% used [0x000000078ec00000, 0x000000078ed00000)
AC   0  E CS TS     0 PTAMS 0x000000078ed00000 NTAMS 0x000000078ed00000 space 1024K, 100% used [0x000000078ed00000, 0x000000078ee00000)
AC   0  E CS TS     0 PTAMS 0x000000078ee00000 NTAMS 0x000000078ee00000 space 1024K, 100% used [0x000000078ee00000, 0x000000078ef00000)
AC   0  E CS TS     0 PTAMS 0x000000078ef00000 NTAMS 0x000000078ef00000 space 1024K, 100% used [0x000000078ef00000, 0x000000078f000000)
AC   0  E CS TS     0 PTAMS 0x000000078f000000 NTAMS 0x000000078f000000 space 1024K, 100% used [0x000000078f000000, 0x000000078f100000)
AC   0  E CS TS     0 PTAMS 0x000000078f100000 NTAMS 0x000000078f100000 space 1024K, 100% used [0x000000078f100000, 0x000000078f200000)
AC   0  E CS TS     5 PTAMS 0x000000078f200000 NTAMS 0x000000078f200000 space 1024K, 100% used [0x000000078f200000, 0x000000078f300000)
AC   0  E CS TS     5 PTAMS 0x000000078f300000 NTAMS 0x000000078f300000 space 1024K, 100% used [0x000000078f300000, 0x000000078f400000)
AC   0  E CS TS     0 PTAMS 0x000000078f400000 NTAMS 0x000000078f400000 space 1024K, 100% used [0x000000078f400000, 0x000000078f500000)
AC   0  E CS TS     0 PTAMS 0x000000078f500000 NTAMS 0x000000078f500000 space 1024K, 100% used [0x000000078f500000, 0x000000078f600000)
AC   0  E CS TS     0 PTAMS 0x000000078f600000 NTAMS 0x000000078f600000 space 1024K, 100% used [0x000000078f600000, 0x000000078f700000)
AC   0  E CS TS     0 PTAMS 0x000000078f700000 NTAMS 0x000000078f700000 space 1024K, 100% used [0x000000078f700000, 0x000000078f800000)
AC   0  E CS TS     3 PTAMS 0x000000078f800000 NTAMS 0x000000078f800000 space 1024K, 100% used [0x000000078f800000, 0x000000078f900000)
AC   0  E CS TS     3 PTAMS 0x000000078f900000 NTAMS 0x000000078f900000 space 1024K, 100% used [0x000000078f900000, 0x000000078fa00000)
AC   0  E CS TS     0 PTAMS 0x000000078fa00000 NTAMS 0x000000078fa00000 space 1024K, 100% used [0x000000078fa00000, 0x000000078fb00000)
AC   0  E CS TS     0 PTAMS 0x000000078fb00000 NTAMS 0x000000078fb00000 space 1024K, 100% used [0x000000078fb00000, 0x000000078fc00000)
AC   0  E CS TS     0 PTAMS 0x000000078fc00000 NTAMS 0x000000078fc00000 space 1024K, 100% used [0x000000078fc00000, 0x000000078fd00000)
AC   0  E CS TS     0 PTAMS 0x000000078fd00000 NTAMS 0x000000078fd00000 space 1024K, 100% used [0x000000078fd00000, 0x000000078fe00000)
AC   0  E CS TS     0 PTAMS 0x000000078fe00000 NTAMS 0x000000078fe00000 space 1024K, 100% used [0x000000078fe00000, 0x000000078ff00000)
AC   0  E CS TS     0 PTAMS 0x000000078ff00000 NTAMS 0x000000078ff00000 space 1024K, 100% used [0x000000078ff00000, 0x0000000790000000)

Card table byte_map: [0x000000010cb74000,0x000000010cd74000] byte_map_base: 0x0000000108f74000

Marking Bits (Prev, Next): (CMBitMap*) 0x00007fea18829688, (CMBitMap*) 0x00007fea188296e0
 Prev Bits: [0x000000010cf74000, 0x000000010df74000)
 Next Bits: [0x000000011d132000, 0x000000011e132000)

Polling page: 0x000000010a6b4000

CodeCache: size=245760Kb used=61777Kb max_used=61933Kb free=183982Kb
 bounds [0x000000010e132000, 0x0000000111e52000, 0x000000011d132000]
 total_blobs=14613 nmethods=13987 adapters=532
 compilation: enabled

Compilation events (10 events):
Event: 67901.395 Thread 0x00007fea19019000 21976       3       org.eclipse.jdt.internal.corext.util.SuperTypeHierarchyCache::getTypeHierarchy (42 bytes)
Event: 67901.396 Thread 0x00007fea19019000 nmethod 21976 0x0000000110d289d0 code [0x0000000110d28b60, 0x0000000110d28e48]
Event: 67901.396 Thread 0x00007fea19019000 21977       3       org.eclipse.jdt.internal.core.TypeVector::<init> (33 bytes)
Event: 67901.397 Thread 0x00007fea19019000 nmethod 21977 0x000000011158f390 code [0x000000011158f500, 0x000000011158f7f0]
Event: 67901.810 Thread 0x00007fea1a03b800 21978       4       java.util.TimSort::gallopLeft (335 bytes)
Event: 67901.920 Thread 0x00007fea19019000 21980       3       org.eclipse.jdt.core.dom.rewrite.ImportRewrite::compareImport (94 bytes)
Event: 67901.922 Thread 0x00007fea19019000 nmethod 21980 0x00000001103b2390 code [0x00000001103b25c0, 0x00000001103b36c8]
Event: 67901.934 Thread 0x00007fea1a03b800 nmethod 21978 0x00000001110c4790 code [0x00000001110c4a40, 0x00000001110c6a78]
Event: 67901.935 Thread 0x00007fea1a03b800 21979       4       org.eclipse.jdt.internal.compiler.lookup.BlockScope::getEmulationPath (625 bytes)
Event: 67902.003 Thread 0x00007fea1a03b800 nmethod 21979 0x000000011135ce50 code [0x000000011135d1a0, 0x000000011135ec80]

GC Heap History (10 events):
Event: 67859.922 GC heap before
{Heap before GC invocations=286 (full 0):
 garbage-first heap   total 262144K, used 229272K [0x0000000780000000, 0x0000000780100800, 0x00000007c0000000)
  region size 1024K, 124 young (126976K), 3 survivors (3072K)
 Metaspace       used 63187K, capacity 66140K, committed 66380K, reserved 1107968K
  class space    used 5973K, capacity 6871K, committed 6988K, reserved 1048576K
Event: 67859.931 GC heap after
Heap after GC invocations=287 (full 0):
 garbage-first heap   total 262144K, used 106272K [0x0000000780000000, 0x0000000780100800, 0x00000007c0000000)
  region size 1024K, 4 young (4096K), 4 survivors (4096K)
 Metaspace       used 63187K, capacity 66140K, committed 66380K, reserved 1107968K
  class space    used 5973K, capacity 6871K, committed 6988K, reserved 1048576K
}
Event: 67872.022 GC heap before
{Heap before GC invocations=287 (full 0):
 garbage-first heap   total 262144K, used 229152K [0x0000000780000000, 0x0000000780100800, 0x00000007c0000000)
  region size 1024K, 124 young (126976K), 4 survivors (4096K)
 Metaspace       used 63187K, capacity 66140K, committed 66380K, reserved 1107968K
  class space    used 5973K, capacity 6871K, committed 6988K, reserved 1048576K
Event: 67872.034 GC heap after
Heap after GC invocations=288 (full 0):
 garbage-first heap   total 262144K, used 108995K [0x0000000780000000, 0x0000000780100800, 0x00000007c0000000)
  region size 1024K, 6 young (6144K), 6 survivors (6144K)
 Metaspace       used 63187K, capacity 66140K, committed 66380K, reserved 1107968K
  class space    used 5973K, capacity 6871K, committed 6988K, reserved 1048576K
}
Event: 67880.524 GC heap before
{Heap before GC invocations=288 (full 0):
 garbage-first heap   total 262144K, used 227779K [0x0000000780000000, 0x0000000780100800, 0x00000007c0000000)
  region size 1024K, 122 young (124928K), 6 survivors (6144K)
 Metaspace       used 63188K, capacity 66140K, committed 66380K, reserved 1107968K
  class space    used 5973K, capacity 6871K, committed 6988K, reserved 1048576K
Event: 67880.538 GC heap after
Heap after GC invocations=289 (full 0):
 garbage-first heap   total 262144K, used 109532K [0x0000000780000000, 0x0000000780100800, 0x00000007c0000000)
  region size 1024K, 7 young (7168K), 7 survivors (7168K)
 Metaspace       used 63188K, capacity 66140K, committed 66380K, reserved 1107968K
  class space    used 5973K, capacity 6871K, committed 6988K, reserved 1048576K
}
Event: 67894.502 GC heap before
{Heap before GC invocations=289 (full 0):
 garbage-first heap   total 262144K, used 226268K [0x0000000780000000, 0x0000000780100800, 0x00000007c0000000)
  region size 1024K, 121 young (123904K), 7 survivors (7168K)
 Metaspace       used 63211K, capacity 66148K, committed 66380K, reserved 1107968K
  class space    used 5976K, capacity 6873K, committed 6988K, reserved 1048576K
Event: 67894.510 GC heap after
Heap after GC invocations=290 (full 0):
 garbage-first heap   total 262144K, used 106995K [0x0000000780000000, 0x0000000780100800, 0x00000007c0000000)
  region size 1024K, 4 young (4096K), 4 survivors (4096K)
 Metaspace       used 63211K, capacity 66148K, committed 66380K, reserved 1107968K
  class space    used 5976K, capacity 6873K, committed 6988K, reserved 1048576K
}
Event: 67900.922 GC heap before
{Heap before GC invocations=290 (full 0):
 garbage-first heap   total 262144K, used 229875K [0x0000000780000000, 0x0000000780100800, 0x00000007c0000000)
  region size 1024K, 124 young (126976K), 4 survivors (4096K)
 Metaspace       used 63214K, capacity 66148K, committed 66380K, reserved 1107968K
  class space    used 5976K, capacity 6873K, committed 6988K, reserved 1048576K
Event: 67900.947 GC heap after
Heap after GC invocations=291 (full 0):
 garbage-first heap   total 262144K, used 109580K [0x0000000780000000, 0x0000000780100800, 0x00000007c0000000)
  region size 1024K, 7 young (7168K), 7 survivors (7168K)
 Metaspace       used 63214K, capacity 66148K, committed 66380K, reserved 1107968K
  class space    used 5976K, capacity 6873K, committed 6988K, reserved 1048576K
}

Deoptimization events (10 events):
Event: 67885.033 Thread 0x00007fea1f125800 Uncommon trap: reason=unstable_if action=reinterpret pc=0x000000010e4d1218 method=org.eclipse.jdt.internal.compiler.impl.IrritantSet.isAnySet(Lorg/eclipse/jdt/internal/compiler/impl/IrritantSet;)Z @ 34
Event: 67885.324 Thread 0x00007fea1f125800 Uncommon trap: reason=class_check action=maybe_recompile pc=0x000000010eca6bc0 method=org.eclipse.jdt.internal.compiler.parser.Parser.consumeImportDeclaration()V @ 9
Event: 67885.324 Thread 0x00007fea1f125800 Uncommon trap: reason=unstable_if action=reinterpret pc=0x000000010f830be0 method=org.eclipse.jdt.internal.core.PackageFragment.equals(Ljava/lang/Object;)Z @ 46
Event: 67885.328 Thread 0x00007fea1f125800 Uncommon trap: reason=unstable_if action=reinterpret pc=0x000000011041c4c8 method=org.eclipse.jdt.internal.core.search.indexing.ReadWriteMonitor.exitRead()V @ 11
Event: 67885.335 Thread 0x00007fea1f125800 Uncommon trap: reason=speculate_class_check action=maybe_recompile pc=0x000000010f91c9cc method=org.eclipse.jdt.internal.core.JavaElement.getElementInfo()Ljava/lang/Object; @ 2
Event: 67885.340 Thread 0x00007fea1f125800 Uncommon trap: reason=unstable_if action=reinterpret pc=0x000000010fec25b4 method=org.jsoup.parser.CharacterReader.matchesLetter()Z @ 22
Event: 67885.342 Thread 0x00007fea1f125800 Uncommon trap: reason=unstable_if action=reinterpret pc=0x000000010f7e2380 method=org.jsoup.parser.CharacterReader.rangeEquals(IILjava/lang/String;)Z @ 44
Event: 67885.343 Thread 0x00007fea1f125800 Uncommon trap: reason=unstable_if action=reinterpret pc=0x0000000111c984c8 method=org.jsoup.parser.HtmlTreeBuilderState$7.process(Lorg/jsoup/parser/Token;Lorg/jsoup/parser/HtmlTreeBuilder;)Z @ 2908
Event: 67885.343 Thread 0x00007fea1f125800 Uncommon trap: reason=unstable_if action=reinterpret pc=0x0000000111cb04a0 method=com.overzealous.remark.convert.TextCleaner.getTextNodeText(Lorg/jsoup/nodes/TextNode;Z)Ljava/lang/String; @ 108
Event: 67901.367 Thread 0x00007fea1a32e800 Uncommon trap: reason=predicate action=maybe_recompile pc=0x00000001101689dc method=java.util.TimSort.gallopLeft(Ljava/lang/Object;[Ljava/lang/Object;IIILjava/util/Comparator;)I @ 150

Classes redefined (0 events):
No events

Internal exceptions (10 events):
Event: 67812.500 Thread 0x00007fea1a2a9800 Exception <a 'java/lang/ArrayIndexOutOfBoundsException'> (0x000000078abb6dd8) thrown at [/Users/java_re/workspace/8-2-build-macosx-x86_64/jdk8u181/11358/hotspot/src/share/vm/runtime/sharedRuntime.cpp, line 605]
Event: 67815.440 Thread 0x00007fea1a2a9800 Exception <a 'java/lang/ArrayIndexOutOfBoundsException'> (0x00000007898d0018) thrown at [/Users/java_re/workspace/8-2-build-macosx-x86_64/jdk8u181/11358/hotspot/src/share/vm/runtime/sharedRuntime.cpp, line 605]
Event: 67815.440 Thread 0x00007fea1a2a9800 Exception <a 'java/lang/ArrayIndexOutOfBoundsException'> (0x00000007898d02b8) thrown at [/Users/java_re/workspace/8-2-build-macosx-x86_64/jdk8u181/11358/hotspot/src/share/vm/runtime/sharedRuntime.cpp, line 605]
Event: 67815.440 Thread 0x00007fea1a2a9800 Exception <a 'java/lang/ArrayIndexOutOfBoundsException'> (0x00000007898d0558) thrown at [/Users/java_re/workspace/8-2-build-macosx-x86_64/jdk8u181/11358/hotspot/src/share/vm/runtime/sharedRuntime.cpp, line 605]
Event: 67816.352 Thread 0x00007fea1e876000 Exception <a 'java/lang/ArrayIndexOutOfBoundsException'> (0x000000078fb5b5c0) thrown at [/Users/java_re/workspace/8-2-build-macosx-x86_64/jdk8u181/11358/hotspot/src/share/vm/runtime/sharedRuntime.cpp, line 605]
Event: 67816.352 Thread 0x00007fea1e876000 Exception <a 'java/lang/ArrayIndexOutOfBoundsException'> (0x000000078fb5b860) thrown at [/Users/java_re/workspace/8-2-build-macosx-x86_64/jdk8u181/11358/hotspot/src/share/vm/runtime/sharedRuntime.cpp, line 605]
Event: 67816.352 Thread 0x00007fea1e876000 Exception <a 'java/lang/ArrayIndexOutOfBoundsException'> (0x000000078fb5bb00) thrown at [/Users/java_re/workspace/8-2-build-macosx-x86_64/jdk8u181/11358/hotspot/src/share/vm/runtime/sharedRuntime.cpp, line 605]
Event: 67820.172 Thread 0x00007fea1e876000 Exception <a 'java/lang/ArrayIndexOutOfBoundsException'> (0x000000078ad14700) thrown at [/Users/java_re/workspace/8-2-build-macosx-x86_64/jdk8u181/11358/hotspot/src/share/vm/runtime/sharedRuntime.cpp, line 605]
Event: 67820.172 Thread 0x00007fea1e876000 Exception <a 'java/lang/ArrayIndexOutOfBoundsException'> (0x000000078ad149a0) thrown at [/Users/java_re/workspace/8-2-build-macosx-x86_64/jdk8u181/11358/hotspot/src/share/vm/runtime/sharedRuntime.cpp, line 605]
Event: 67820.172 Thread 0x00007fea1e876000 Exception <a 'java/lang/ArrayIndexOutOfBoundsException'> (0x000000078ad14c40) thrown at [/Users/java_re/workspace/8-2-build-macosx-x86_64/jdk8u181/11358/hotspot/src/share/vm/runtime/sharedRuntime.cpp, line 605]

Events (10 events):
Event: 67901.367 Thread 0x00007fea1a32e800 DEOPT UNPACKING pc=0x000000010e17773a sp=0x00007000106ea6e0 mode 2
Event: 67901.394 Thread 0x00007fea1b46a800 Thread added: 0x00007fea1b46a800
Event: 67901.773 Executing VM operation: RevokeBias
Event: 67901.774 Executing VM operation: RevokeBias done
Event: 67901.917 Executing VM operation: RevokeBias
Event: 67901.917 Executing VM operation: RevokeBias done
Event: 67901.947 Executing VM operation: RevokeBias
Event: 67901.948 Executing VM operation: RevokeBias done
Event: 67901.948 Executing VM operation: RevokeBias
Event: 67901.948 Executing VM operation: RevokeBias done


Dynamic libraries:
0x00007fff4dae6000 	/System/Library/Frameworks/Cocoa.framework/Versions/A/Cocoa
0x00007fff5a0f3000 	/System/Library/Frameworks/Security.framework/Versions/A/Security
0x00007fff4c729000 	/System/Library/Frameworks/ApplicationServices.framework/Versions/A/ApplicationServices
0x00007fff75f1c000 	/usr/lib/libz.1.dylib
0x00007fff73e4e000 	/usr/lib/libSystem.B.dylib
0x00007fff75506000 	/usr/lib/libobjc.A.dylib
0x00007fff4e29d000 	/System/Library/Frameworks/CoreFoundation.framework/Versions/A/CoreFoundation
0x00007fff503fe000 	/System/Library/Frameworks/Foundation.framework/Versions/C/Foundation
0x00007fff4b879000 	/System/Library/Frameworks/AppKit.framework/Versions/C/AppKit
0x00007fff4de5e000 	/System/Library/Frameworks/CoreData.framework/Versions/A/CoreData
0x00007fff6d798000 	/System/Library/PrivateFrameworks/RemoteViewServices.framework/Versions/A/RemoteViewServices
0x00007fff71ef3000 	/System/Library/PrivateFrameworks/UIFoundation.framework/Versions/A/UIFoundation
0x00007fff625a9000 	/System/Library/PrivateFrameworks/DFRFoundation.framework/Versions/A/DFRFoundation
0x00007fff52a68000 	/System/Library/Frameworks/Metal.framework/Versions/A/Metal
0x00007fff62746000 	/System/Library/PrivateFrameworks/DesktopServicesPriv.framework/Versions/A/DesktopServicesPriv
0x00007fff74a54000 	/usr/lib/libenergytrace.dylib
0x00007fff6ff5f000 	/System/Library/PrivateFrameworks/SkyLight.framework/Versions/A/SkyLight
0x00007fff4e740000 	/System/Library/Frameworks/CoreGraphics.framework/Versions/A/CoreGraphics
0x00007fff73e49000 	/usr/lib/libScreenReader.dylib
0x00007fff4a814000 	/System/Library/Frameworks/Accelerate.framework/Versions/A/Accelerate
0x00007fff50b77000 	/System/Library/Frameworks/IOSurface.framework/Versions/A/IOSurface
0x00007fff4cc73000 	/System/Library/Frameworks/AudioToolbox.framework/Versions/A/AudioToolbox
0x00007fff4cf02000 	/System/Library/Frameworks/AudioUnit.framework/Versions/A/AudioUnit
0x00007fff62641000 	/System/Library/PrivateFrameworks/DataDetectorsCore.framework/Versions/A/DataDetectorsCore
0x00007fff4d5d9000 	/System/Library/Frameworks/Carbon.framework/Versions/A/Frameworks/HIToolbox.framework/Versions/A/HIToolbox
0x00007fff74bae000 	/usr/lib/libicucore.A.dylib
0x00007fff59673000 	/System/Library/Frameworks/QuartzCore.framework/Versions/A/QuartzCore
0x00007fff6f215000 	/System/Library/PrivateFrameworks/SignpostNotification.framework/Versions/A/SignpostNotification
0x00007fff4d9bf000 	/System/Library/Frameworks/Carbon.framework/Versions/A/Frameworks/SpeechRecognition.framework/Versions/A/SpeechRecognition
0x00007fff73faa000 	/usr/lib/libauto.dylib
0x00007fff75e0b000 	/usr/lib/libxml2.2.dylib
0x00007fff621fa000 	/System/Library/PrivateFrameworks/CoreUI.framework/Versions/A/CoreUI
0x00007fff4dd3a000 	/System/Library/Frameworks/CoreAudio.framework/Versions/A/CoreAudio
0x00007fff50238000 	/System/Library/Frameworks/DiskArbitration.framework/Versions/A/DiskArbitration
0x00007fff74e22000 	/usr/lib/liblangid.dylib
0x00007fff69ca1000 	/System/Library/PrivateFrameworks/MultitouchSupport.framework/Versions/A/MultitouchSupport
0x00007fff50ada000 	/System/Library/Frameworks/IOKit.framework/Versions/A/IOKit
0x00007fff73ad8000 	/usr/lib/libDiagnosticMessagesClient.dylib
0x00007fff4f416000 	/System/Library/Frameworks/CoreServices.framework/Versions/A/CoreServices
0x00007fff6b7d1000 	/System/Library/PrivateFrameworks/PerformanceAnalysis.framework/Versions/A/PerformanceAnalysis
0x00007fff58815000 	/System/Library/Frameworks/OpenGL.framework/Versions/A/OpenGL
0x00007fff4daf4000 	/System/Library/Frameworks/ColorSync.framework/Versions/A/ColorSync
0x00007fff4ed52000 	/System/Library/Frameworks/CoreImage.framework/Versions/A/CoreImage
0x00007fff4fda6000 	/System/Library/Frameworks/CoreText.framework/Versions/A/CoreText
0x00007fff50bd5000 	/System/Library/Frameworks/ImageIO.framework/Versions/A/ImageIO
0x00007fff5eef8000 	/System/Library/PrivateFrameworks/Backup.framework/Versions/A/Backup
0x00007fff73efa000 	/usr/lib/libarchive.2.dylib
0x00007fff4d225000 	/System/Library/Frameworks/CFNetwork.framework/Versions/A/CFNetwork
0x00007fff5a884000 	/System/Library/Frameworks/SystemConfiguration.framework/Versions/A/SystemConfiguration
0x00007fff73a01000 	/usr/lib/libCRFSuite.dylib
0x00007fff74083000 	/usr/lib/libc++.1.dylib
0x00007fff740da000 	/usr/lib/libc++abi.dylib
0x00007fff75fca000 	/usr/lib/system/libcache.dylib
0x00007fff75fcf000 	/usr/lib/system/libcommonCrypto.dylib
0x00007fff75fda000 	/usr/lib/system/libcompiler_rt.dylib
0x00007fff75fe2000 	/usr/lib/system/libcopyfile.dylib
0x00007fff75fec000 	/usr/lib/system/libcorecrypto.dylib
0x00007fff760f9000 	/usr/lib/system/libdispatch.dylib
0x00007fff76133000 	/usr/lib/system/libdyld.dylib
0x00007fff76151000 	/usr/lib/system/libkeymgr.dylib
0x00007fff7615f000 	/usr/lib/system/liblaunch.dylib
0x00007fff76160000 	/usr/lib/system/libmacho.dylib
0x00007fff76165000 	/usr/lib/system/libquarantine.dylib
0x00007fff76168000 	/usr/lib/system/libremovefile.dylib
0x00007fff7616a000 	/usr/lib/system/libsystem_asl.dylib
0x00007fff76182000 	/usr/lib/system/libsystem_blocks.dylib
0x00007fff76183000 	/usr/lib/system/libsystem_c.dylib
0x00007fff7620d000 	/usr/lib/system/libsystem_configuration.dylib
0x00007fff76211000 	/usr/lib/system/libsystem_coreservices.dylib
0x00007fff76215000 	/usr/lib/system/libsystem_darwin.dylib
0x00007fff76217000 	/usr/lib/system/libsystem_dnssd.dylib
0x00007fff7621e000 	/usr/lib/system/libsystem_info.dylib
0x00007fff7628f000 	/usr/lib/system/libsystem_m.dylib
0x00007fff762db000 	/usr/lib/system/libsystem_malloc.dylib
0x00007fff762fb000 	/usr/lib/system/libsystem_network.dylib
0x00007fff7642c000 	/usr/lib/system/libsystem_networkextension.dylib
0x00007fff76437000 	/usr/lib/system/libsystem_notify.dylib
0x00007fff76455000 	/usr/lib/system/libsystem_sandbox.dylib
0x00007fff76459000 	/usr/lib/system/libsystem_secinit.dylib
0x00007fff76268000 	/usr/lib/system/libsystem_kernel.dylib
0x00007fff76441000 	/usr/lib/system/libsystem_platform.dylib
0x00007fff76449000 	/usr/lib/system/libsystem_pthread.dylib
0x00007fff7645b000 	/usr/lib/system/libsystem_symptoms.dylib
0x00007fff76463000 	/usr/lib/system/libsystem_trace.dylib
0x00007fff76478000 	/usr/lib/system/libunwind.dylib
0x00007fff7647e000 	/usr/lib/system/libxpc.dylib
0x00007fff73914000 	/usr/lib/closure/libclosured.dylib
0x00007fff74064000 	/usr/lib/libbsm.0.dylib
0x00007fff76152000 	/usr/lib/system/libkxld.dylib
0x00007fff73d12000 	/usr/lib/libOpenScriptingUtil.dylib
0x00007fff743d3000 	/usr/lib/libcoretls.dylib
0x00007fff743ec000 	/usr/lib/libcoretls_cfhelpers.dylib
0x00007fff75907000 	/usr/lib/libpam.2.dylib
0x00007fff75a2e000 	/usr/lib/libsqlite3.dylib
0x00007fff75dfa000 	/usr/lib/libxar.1.dylib
0x00007fff74075000 	/usr/lib/libbz2.1.0.dylib
0x00007fff74e24000 	/usr/lib/liblzma.5.dylib
0x00007fff75305000 	/usr/lib/libnetwork.dylib
0x00007fff73ee3000 	/usr/lib/libapple_nghttp2.dylib
0x00007fff7590e000 	/usr/lib/libpcap.A.dylib
0x00007fff73fab000 	/usr/lib/libboringssl.dylib
0x00007fff75d95000 	/usr/lib/libusrtcp.dylib
0x00007fff73ee2000 	/usr/lib/libapple_crypto.dylib
0x00007fff4f799000 	/System/Library/Frameworks/CoreServices.framework/Versions/A/Frameworks/FSEvents.framework/Versions/A/FSEvents
0x00007fff4f48c000 	/System/Library/Frameworks/CoreServices.framework/Versions/A/Frameworks/CarbonCore.framework/Versions/A/CarbonCore
0x00007fff4f960000 	/System/Library/Frameworks/CoreServices.framework/Versions/A/Frameworks/Metadata.framework/Versions/A/Metadata
0x00007fff4fa11000 	/System/Library/Frameworks/CoreServices.framework/Versions/A/Frameworks/OSServices.framework/Versions/A/OSServices
0x00007fff4fa72000 	/System/Library/Frameworks/CoreServices.framework/Versions/A/Frameworks/SearchKit.framework/Versions/A/SearchKit
0x00007fff4f417000 	/System/Library/Frameworks/CoreServices.framework/Versions/A/Frameworks/AE.framework/Versions/A/AE
0x00007fff4f7a2000 	/System/Library/Frameworks/CoreServices.framework/Versions/A/Frameworks/LaunchServices.framework/Versions/A/LaunchServices
0x00007fff4f764000 	/System/Library/Frameworks/CoreServices.framework/Versions/A/Frameworks/DictionaryServices.framework/Versions/A/DictionaryServices
0x00007fff4fae1000 	/System/Library/Frameworks/CoreServices.framework/Versions/A/Frameworks/SharedFileList.framework/Versions/A/SharedFileList
0x00007fff53c9e000 	/System/Library/Frameworks/NetFS.framework/Versions/A/NetFS
0x00007fff69f32000 	/System/Library/PrivateFrameworks/NetAuth.framework/Versions/A/NetAuth
0x00007fff737ab000 	/System/Library/PrivateFrameworks/login.framework/Versions/A/Frameworks/loginsupport.framework/Versions/A/loginsupport
0x00007fff71b70000 	/System/Library/PrivateFrameworks/TCC.framework/Versions/A/TCC
0x00007fff74f05000 	/usr/lib/libmecabra.dylib
0x00007fff4c72a000 	/System/Library/Frameworks/ApplicationServices.framework/Versions/A/Frameworks/ATS.framework/Versions/A/ATS
0x00007fff4cad8000 	/System/Library/Frameworks/ApplicationServices.framework/Versions/A/Frameworks/ColorSyncLegacy.framework/Versions/A/ColorSyncLegacy
0x00007fff4cb7c000 	/System/Library/Frameworks/ApplicationServices.framework/Versions/A/Frameworks/HIServices.framework/Versions/A/HIServices
0x00007fff4cbcf000 	/System/Library/Frameworks/ApplicationServices.framework/Versions/A/Frameworks/LangAnalysis.framework/Versions/A/LangAnalysis
0x00007fff4cbde000 	/System/Library/Frameworks/ApplicationServices.framework/Versions/A/Frameworks/PrintCore.framework/Versions/A/PrintCore
0x00007fff4cc2b000 	/System/Library/Frameworks/ApplicationServices.framework/Versions/A/Frameworks/QD.framework/Versions/A/QD
0x00007fff4cc66000 	/System/Library/Frameworks/ApplicationServices.framework/Versions/A/Frameworks/SpeechSynthesis.framework/Versions/A/SpeechSynthesis
0x00007fff4e1b5000 	/System/Library/Frameworks/CoreDisplay.framework/Versions/A/CoreDisplay
0x00007fff4a82c000 	/System/Library/Frameworks/Accelerate.framework/Versions/A/Frameworks/vImage.framework/Versions/A/vImage
0x00007fff4b586000 	/System/Library/Frameworks/Accelerate.framework/Versions/A/Frameworks/vecLib.framework/Versions/A/vecLib
0x00007fff4b326000 	/System/Library/Frameworks/Accelerate.framework/Versions/A/Frameworks/vecLib.framework/Versions/A/libvDSP.dylib
0x00007fff4ae86000 	/System/Library/Frameworks/Accelerate.framework/Versions/A/Frameworks/vecLib.framework/Versions/A/libBNNS.dylib
0x00007fff4b28b000 	/System/Library/Frameworks/Accelerate.framework/Versions/A/Frameworks/vecLib.framework/Versions/A/libQuadrature.dylib
0x00007fff4b4d4000 	/System/Library/Frameworks/Accelerate.framework/Versions/A/Frameworks/vecLib.framework/Versions/A/libvMisc.dylib
0x00007fff4aeb5000 	/System/Library/Frameworks/Accelerate.framework/Versions/A/Frameworks/vecLib.framework/Versions/A/libLAPACK.dylib
0x00007fff4ad2b000 	/System/Library/Frameworks/Accelerate.framework/Versions/A/Frameworks/vecLib.framework/Versions/A/libBLAS.dylib
0x00007fff4b275000 	/System/Library/Frameworks/Accelerate.framework/Versions/A/Frameworks/vecLib.framework/Versions/A/libLinearAlgebra.dylib
0x00007fff4b291000 	/System/Library/Frameworks/Accelerate.framework/Versions/A/Frameworks/vecLib.framework/Versions/A/libSparse.dylib
0x00007fff4b312000 	/System/Library/Frameworks/Accelerate.framework/Versions/A/Frameworks/vecLib.framework/Versions/A/libSparseBLAS.dylib
0x00007fff66d83000 	/System/Library/PrivateFrameworks/GPUWrangler.framework/Versions/A/GPUWrangler
0x00007fff68513000 	/System/Library/PrivateFrameworks/IOAccelerator.framework/Versions/A/IOAccelerator
0x00007fff6851e000 	/System/Library/PrivateFrameworks/IOPresentment.framework/Versions/A/IOPresentment
0x00007fff625bb000 	/System/Library/PrivateFrameworks/DSExternalDisplay.framework/Versions/A/DSExternalDisplay
0x00007fff57c95000 	/System/Library/Frameworks/OpenGL.framework/Versions/A/Libraries/libCoreFSCache.dylib
0x00007fff4fef7000 	/System/Library/Frameworks/CoreVideo.framework/Versions/A/CoreVideo
0x00007fff67afe000 	/System/Library/PrivateFrameworks/GraphVisualizer.framework/Versions/A/GraphVisualizer
0x00007fff52c9f000 	/System/Library/Frameworks/MetalPerformanceShaders.framework/Versions/A/MetalPerformanceShaders
0x00007fff73b10000 	/usr/lib/libFosl_dynamic.dylib
0x00007fff6368d000 	/System/Library/PrivateFrameworks/FaceCore.framework/Versions/A/FaceCore
0x00007fff56a9c000 	/System/Library/Frameworks/OpenCL.framework/Versions/A/OpenCL
0x00007fff74111000 	/usr/lib/libcompression.dylib
0x00007fff4c829000 	/System/Library/Frameworks/ApplicationServices.framework/Versions/A/Frameworks/ATS.framework/Versions/A/Resources/libFontParser.dylib
0x00007fff4c94c000 	/System/Library/Frameworks/ApplicationServices.framework/Versions/A/Frameworks/ATS.framework/Versions/A/Resources/libFontRegistry.dylib
0x00007fff50e3d000 	/System/Library/Frameworks/ImageIO.framework/Versions/A/Resources/libJPEG.dylib
0x00007fff51166000 	/System/Library/Frameworks/ImageIO.framework/Versions/A/Resources/libTIFF.dylib
0x00007fff5113c000 	/System/Library/Frameworks/ImageIO.framework/Versions/A/Resources/libPng.dylib
0x00007fff50d50000 	/System/Library/Frameworks/ImageIO.framework/Versions/A/Resources/libGIF.dylib
0x00007fff50d55000 	/System/Library/Frameworks/ImageIO.framework/Versions/A/Resources/libJP2.dylib
0x00007fff51163000 	/System/Library/Frameworks/ImageIO.framework/Versions/A/Resources/libRadiance.dylib
0x00007fff5e623000 	/System/Library/PrivateFrameworks/AppleJPEG.framework/Versions/A/AppleJPEG
0x00007fff52b06000 	/System/Library/Frameworks/MetalPerformanceShaders.framework/Frameworks/MPSCore.framework/Versions/A/MPSCore
0x00007fff52b22000 	/System/Library/Frameworks/MetalPerformanceShaders.framework/Frameworks/MPSImage.framework/Versions/A/MPSImage
0x00007fff52bb7000 	/System/Library/Frameworks/MetalPerformanceShaders.framework/Frameworks/MPSNeuralNetwork.framework/Versions/A/MPSNeuralNetwork
0x00007fff52b92000 	/System/Library/Frameworks/MetalPerformanceShaders.framework/Frameworks/MPSMatrix.framework/Versions/A/MPSMatrix
0x00007fff69a13000 	/System/Library/PrivateFrameworks/MetalTools.framework/Versions/A/MetalTools
0x00007fff57e5f000 	/System/Library/Frameworks/OpenGL.framework/Versions/A/Libraries/libGLU.dylib
0x00007fff57ca0000 	/System/Library/Frameworks/OpenGL.framework/Versions/A/Libraries/libGFXShared.dylib
0x00007fff57caa000 	/System/Library/Frameworks/OpenGL.framework/Versions/A/Libraries/libGL.dylib
0x00007fff57cb6000 	/System/Library/Frameworks/OpenGL.framework/Versions/A/Libraries/libGLImage.dylib
0x00007fff57c92000 	/System/Library/Frameworks/OpenGL.framework/Versions/A/Libraries/libCVMSPluginSupport.dylib
0x00007fff57c9b000 	/System/Library/Frameworks/OpenGL.framework/Versions/A/Libraries/libCoreVMClient.dylib
0x00007fff748be000 	/usr/lib/libcups.2.dylib
0x00007fff5206e000 	/System/Library/Frameworks/Kerberos.framework/Versions/A/Kerberos
0x00007fff50834000 	/System/Library/Frameworks/GSS.framework/Versions/A/GSS
0x00007fff759c1000 	/usr/lib/libresolv.9.dylib
0x00007fff74abc000 	/usr/lib/libiconv.2.dylib
0x00007fff67b90000 	/System/Library/PrivateFrameworks/Heimdal.framework/Versions/A/Heimdal
0x00007fff74a8b000 	/usr/lib/libheimdal-asn1.dylib
0x00007fff56b08000 	/System/Library/Frameworks/OpenDirectory.framework/Versions/A/OpenDirectory
0x00007fff60935000 	/System/Library/PrivateFrameworks/CommonAuth.framework/Versions/A/CommonAuth
0x00007fff56aeb000 	/System/Library/Frameworks/OpenDirectory.framework/Versions/A/Frameworks/CFOpenDirectory.framework/Versions/A/CFOpenDirectory
0x00007fff5a41d000 	/System/Library/Frameworks/SecurityFoundation.framework/Versions/A/SecurityFoundation
0x00007fff5d7ef000 	/System/Library/PrivateFrameworks/APFS.framework/Versions/A/APFS
0x00007fff75df6000 	/usr/lib/libutil.dylib
0x00007fff5e6a6000 	/System/Library/PrivateFrameworks/AppleSauce.framework/Versions/A/AppleSauce
0x00007fff68cfb000 	/System/Library/PrivateFrameworks/LinguisticData.framework/Versions/A/LinguisticData
0x00007fff74e3e000 	/usr/lib/libmarisa.dylib
0x00007fff68cb5000 	/System/Library/PrivateFrameworks/Lexicon.framework/Versions/A/Lexicon
0x00007fff73a3b000 	/usr/lib/libChineseTokenizer.dylib
0x00007fff74100000 	/usr/lib/libcmph.dylib
0x00007fff68bbf000 	/System/Library/PrivateFrameworks/LanguageModeling.framework/Versions/A/LanguageModeling
0x00007fff61441000 	/System/Library/PrivateFrameworks/CoreEmoji.framework/Versions/A/CoreEmoji
0x00007fff5a4db000 	/System/Library/Frameworks/ServiceManagement.framework/Versions/A/ServiceManagement
0x00007fff5eef0000 	/System/Library/PrivateFrameworks/BackgroundTaskManagement.framework/Versions/A/BackgroundTaskManagement
0x00007fff75ef3000 	/usr/lib/libxslt.1.dylib
0x00007fff4d8e9000 	/System/Library/Frameworks/Carbon.framework/Versions/A/Frameworks/Ink.framework/Versions/A/Ink
0x00007fff71d85000 	/System/Library/PrivateFrameworks/TextureIO.framework/Versions/A/TextureIO
0x00007fff73f25000 	/usr/lib/libate.dylib
0x00007fff6251b000 	/System/Library/PrivateFrameworks/CrashReporterSupport.framework/Versions/A/CrashReporterSupport
0x00007fff6f0d7000 	/System/Library/PrivateFrameworks/Sharing.framework/Versions/A/Sharing
0x00007fff68900000 	/System/Library/PrivateFrameworks/IconServices.framework/Versions/A/IconServices
0x00007fff5e4a8000 	/System/Library/PrivateFrameworks/Apple80211.framework/Versions/A/Apple80211
0x00007fff62330000 	/System/Library/PrivateFrameworks/CoreUtils.framework/Versions/A/CoreUtils
0x00007fff4ff32000 	/System/Library/Frameworks/CoreWLAN.framework/Versions/A/CoreWLAN
0x00007fff50976000 	/System/Library/Frameworks/IOBluetooth.framework/Versions/A/IOBluetooth
0x00007fff6d59f000 	/System/Library/PrivateFrameworks/ProtocolBuffer.framework/Versions/A/ProtocolBuffer
0x00007fff624b6000 	/System/Library/PrivateFrameworks/CoreWiFi.framework/Versions/A/CoreWiFi
0x00007fff4de34000 	/System/Library/Frameworks/CoreBluetooth.framework/Versions/A/CoreBluetooth
0x00007fff62705000 	/System/Library/PrivateFrameworks/DebugSymbols.framework/Versions/A/DebugSymbols
0x00007fff620e6000 	/System/Library/PrivateFrameworks/CoreSymbolication.framework/Versions/A/CoreSymbolication
0x00007fff71576000 	/System/Library/PrivateFrameworks/Symbolication.framework/Versions/A/Symbolication
0x00007fff5e4d2000 	/System/Library/PrivateFrameworks/AppleFSCompression.framework/Versions/A/AppleFSCompression
0x00007fff709c4000 	/System/Library/PrivateFrameworks/SpeechRecognitionCore.framework/Versions/A/SpeechRecognitionCore
0x000000010b000000 	/Library/Java/JavaVirtualMachines/jdk1.8.0_181.jdk/Contents/Home/jre/lib/server/libjvm.dylib
0x00007fff75cc3000 	/usr/lib/libstdc++.6.0.9.dylib
0x000000010a670000 	/Library/Java/JavaVirtualMachines/jdk1.8.0_181.jdk/Contents/Home/jre/lib/libverify.dylib
0x000000010a67e000 	/Library/Java/JavaVirtualMachines/jdk1.8.0_181.jdk/Contents/Home/jre/lib/libjava.dylib
0x000000010a6fe000 	/Library/Java/JavaVirtualMachines/jdk1.8.0_181.jdk/Contents/Home/jre/lib/libzip.dylib
0x0000000122e8f000 	/Library/Java/JavaVirtualMachines/jdk1.8.0_181.jdk/Contents/Home/jre/lib/libnet.dylib
0x0000000122ea6000 	/Library/Java/JavaVirtualMachines/jdk1.8.0_181.jdk/Contents/Home/jre/lib/libnio.dylib
0x0000000122bdd000 	/Users/simon/.vscode/extensions/redhat.java-0.29.0/server/config_mac/org.eclipse.equinox.launcher/org.eclipse.equinox.launcher.cocoa.macosx.x86_64_1.1.800.v20180723-0853/eclipse_1800.so
0x00007fff61d78000 	/System/Library/PrivateFrameworks/CoreServicesInternal.framework/Versions/A/CoreServicesInternal
0x00007fff63ac5000 	/System/Library/PrivateFrameworks/FamilyControls.framework/Versions/A/FamilyControls
0x00007fff60928000 	/System/Library/PrivateFrameworks/CommerceKit.framework/Versions/A/Frameworks/CommerceCore.framework/Versions/A/CommerceCore
0x00007fff718c5000 	/System/Library/PrivateFrameworks/SystemAdministration.framework/Versions/A/SystemAdministration
0x00007fff5e45b000 	/System/Library/PrivateFrameworks/AppContainer.framework/Versions/A/AppContainer
0x00007fff6ef8f000 	/System/Library/PrivateFrameworks/SecCodeWrapper.framework/Versions/A/SecCodeWrapper
0x00007fff62a51000 	/System/Library/PrivateFrameworks/DiskManagement.framework/Versions/A/DiskManagement
0x00007fff5014b000 	/System/Library/Frameworks/DirectoryService.framework/Versions/A/DirectoryService
0x00007fff6297e000 	/System/Library/PrivateFrameworks/DiskImages.framework/Versions/A/DiskImages
0x00007fff68df2000 	/System/Library/PrivateFrameworks/LoginUIKit.framework/Versions/A/Frameworks/LoginUICore.framework/Versions/A/LoginUICore
0x00007fff73a47000 	/usr/lib/libCoreStorage.dylib
0x00007fff748b2000 	/usr/lib/libcsfde.dylib
0x00007fff758f5000 	/usr/lib/libodfde.dylib
0x00007fff69620000 	/System/Library/PrivateFrameworks/MediaKit.framework/Versions/A/MediaKit
0x00007fff50157000 	/System/Library/Frameworks/DiscRecording.framework/Versions/A/DiscRecording
0x00007fff62bcd000 	/System/Library/PrivateFrameworks/EFILogin.framework/Versions/A/EFILogin
0x00007fff6d547000 	/System/Library/PrivateFrameworks/ProtectedCloudStorage.framework/Versions/A/ProtectedCloudStorage
0x00007fff7493f000 	/usr/lib/libcurl.4.dylib
0x00007fff74586000 	/usr/lib/libcrypto.35.dylib
0x00007fff75c1d000 	/usr/lib/libssl.35.dylib
0x00007fff52088000 	/System/Library/Frameworks/LDAP.framework/Versions/A/LDAP
0x00007fff71eec000 	/System/Library/PrivateFrameworks/TrustEvaluationAgent.framework/Versions/A/TrustEvaluationAgent
0x00007fff75a19000 	/usr/lib/libsasl2.2.dylib
0x00007fff612ca000 	/System/Library/PrivateFrameworks/CoreDaemon.framework/Versions/B/CoreDaemon
0x00007fff5e69d000 	/System/Library/PrivateFrameworks/AppleSRP.framework/Versions/A/AppleSRP
0x0000000123afb000 	/Library/Java/JavaVirtualMachines/jdk1.8.0_181.jdk/Contents/Home/jre/lib/libsunec.dylib

VM Arguments:
jvm_args: -Declipse.application=org.eclipse.jdt.ls.core.id1 -Dosgi.bundles.defaultStartLevel=4 -Declipse.product=org.eclipse.jdt.ls.core.product -Xverify:none -Xmx1G -XX:+UseG1GC -XX:+UseStringDeduplication 
java_command: /Users/simon/.vscode/extensions/redhat.java-0.29.0/server/plugins/org.eclipse.equinox.launcher_1.5.100.v20180611-1436.jar -configuration /Users/simon/.vscode/extensions/redhat.java-0.29.0/server/config_mac -data /Users/simon/Library/Application Support/Code/User/workspaceStorage/283091e853d87bd52ce7970f87ffe1fd/redhat.java/jdt_ws
java_class_path (initial): /Users/simon/.vscode/extensions/redhat.java-0.29.0/server/plugins/org.eclipse.equinox.launcher_1.5.100.v20180611-1436.jar
Launcher Type: SUN_STANDARD

Environment Variables:
PATH=/usr/local/bin:/usr/bin:/bin:/usr/sbin:/sbin:/Library/TeX/texbin
SHELL=/bin/zsh

Signal Handlers:
SIGSEGV: [libjvm.dylib+0x5b6029], sa_mask[0]=11111111011111110111111111111111, sa_flags=SA_ONSTACK|SA_RESTART|SA_SIGINFO
SIGBUS: [libjvm.dylib+0x5b6029], sa_mask[0]=11111111011111110111111111111111, sa_flags=SA_RESTART|SA_SIGINFO
SIGFPE: [libjvm.dylib+0x48b934], sa_mask[0]=11111111011111110111111111111111, sa_flags=SA_RESTART|SA_SIGINFO
SIGPIPE: [libjvm.dylib+0x48b934], sa_mask[0]=11111111011111110111111111111111, sa_flags=SA_RESTART|SA_SIGINFO
SIGXFSZ: [libjvm.dylib+0x48b934], sa_mask[0]=11111111011111110111111111111111, sa_flags=SA_RESTART|SA_SIGINFO
SIGILL: [libjvm.dylib+0x48b934], sa_mask[0]=11111111011111110111111111111111, sa_flags=SA_RESTART|SA_SIGINFO
SIGUSR1: SIG_DFL, sa_mask[0]=00000000000000000000000000000000, sa_flags=SA_RESTART
SIGUSR2: [libjvm.dylib+0x48b452], sa_mask[0]=00000000000000000000000000000000, sa_flags=SA_RESTART|SA_SIGINFO
SIGHUP: [libjvm.dylib+0x489a1d], sa_mask[0]=11111111011111110111111111111111, sa_flags=SA_RESTART|SA_SIGINFO
SIGINT: [libjvm.dylib+0x489a1d], sa_mask[0]=11111111011111110111111111111111, sa_flags=SA_RESTART|SA_SIGINFO
SIGTERM: [libjvm.dylib+0x489a1d], sa_mask[0]=11111111011111110111111111111111, sa_flags=SA_RESTART|SA_SIGINFO
SIGQUIT: [libjvm.dylib+0x489a1d], sa_mask[0]=11111111011111110111111111111111, sa_flags=SA_RESTART|SA_SIGINFO


---------------  S Y S T E M  ---------------

OS:Bsduname:Darwin 17.6.0 Darwin Kernel Version 17.6.0: Tue May  8 15:22:16 PDT 2018; root:xnu-4570.61.1~1/RELEASE_X86_64 x86_64
rlimit: STACK 8192k, CORE 0k, NPROC 1418, NOFILE 10240, AS infinity
load average:4.49 3.92 3.31

CPU:total 4 (initial active 4) (2 cores per cpu, 2 threads per core) family 6 model 61 stepping 4, cmov, cx8, fxsr, mmx, sse, sse2, sse3, ssse3, sse4.1, sse4.2, popcnt, avx, avx2, aes, clmul, erms, 3dnowpref, lzcnt, ht, tsc, tscinvbit, bmi1, bmi2, adx

Memory: 4k page, physical 16777216k(603552k free)

/proc/meminfo:


vm_info: Java HotSpot(TM) 64-Bit Server VM (25.181-b13) for bsd-amd64 JRE (1.8.0_181-b13), built on Jul  7 2018 01:02:31 by "java_re" with gcc 4.2.1 (Based on Apple Inc. build 5658) (LLVM build 2336.11.00)

time: Sat Sep  1 12:20:47 2018
elapsed time: 67902 seconds (0d 18h 51m 42s)

